  [1m[36m (0.1ms)[0m  [1mselect sqlite_version(*)[0m
  [1m[35m (2.3ms)[0m  CREATE TABLE "schema_migrations" ("version" varchar(255) NOT NULL) 
  [1m[36m (0.0ms)[0m  [1mPRAGMA index_list("schema_migrations")[0m
  [1m[35m (1.7ms)[0m  CREATE UNIQUE INDEX "unique_schema_migrations" ON "schema_migrations" ("version")
  [1m[36m (0.0ms)[0m  [1mSELECT "schema_migrations"."version" FROM "schema_migrations" [0m
  [1m[36m (0.2ms)[0m  [1mselect sqlite_version(*)[0m
  [1m[35m (0.1ms)[0m  SELECT "schema_migrations"."version" FROM "schema_migrations" 
  [1m[36m (0.1ms)[0m  [1mSELECT "schema_migrations"."version" FROM "schema_migrations" [0m
  [1m[35m (0.1ms)[0m  select sqlite_version(*)
  [1m[36m (2.8ms)[0m  [1mCREATE TABLE "schema_migrations" ("version" varchar(255) NOT NULL) [0m
  [1m[35m (0.0ms)[0m  PRAGMA index_list("schema_migrations")
  [1m[36m (1.7ms)[0m  [1mCREATE UNIQUE INDEX "unique_schema_migrations" ON "schema_migrations" ("version")[0m
  [1m[35m (0.0ms)[0m  SELECT version FROM "schema_migrations"
  [1m[36m (1.7ms)[0m  [1mINSERT INTO "schema_migrations" (version) VALUES ('0')[0m
  [1m[36m (0.1ms)[0m  [1mSELECT "schema_migrations"."version" FROM "schema_migrations" [0m
  [1m[35m (0.1ms)[0m  select sqlite_version(*)
  [1m[36m (3.3ms)[0m  [1mCREATE TABLE "schema_migrations" ("version" varchar(255) NOT NULL) [0m
  [1m[35m (0.0ms)[0m  PRAGMA index_list("schema_migrations")
  [1m[36m (1.7ms)[0m  [1mCREATE UNIQUE INDEX "unique_schema_migrations" ON "schema_migrations" ("version")[0m
  [1m[35m (0.1ms)[0m  SELECT version FROM "schema_migrations"
  [1m[36m (1.7ms)[0m  [1mINSERT INTO "schema_migrations" (version) VALUES ('0')[0m
  [1m[36m (0.1ms)[0m  [1mSELECT "schema_migrations"."version" FROM "schema_migrations" [0m
  [1m[35m (0.1ms)[0m  select sqlite_version(*)
  [1m[36m (2.8ms)[0m  [1mCREATE TABLE "schema_migrations" ("version" varchar(255) NOT NULL) [0m
  [1m[35m (0.0ms)[0m  PRAGMA index_list("schema_migrations")
  [1m[36m (1.9ms)[0m  [1mCREATE UNIQUE INDEX "unique_schema_migrations" ON "schema_migrations" ("version")[0m
  [1m[35m (0.1ms)[0m  SELECT version FROM "schema_migrations"
  [1m[36m (2.1ms)[0m  [1mINSERT INTO "schema_migrations" (version) VALUES ('0')[0m
  [1m[36m (0.1ms)[0m  [1mSELECT "schema_migrations"."version" FROM "schema_migrations" [0m
  [1m[35m (0.1ms)[0m  select sqlite_version(*)
  [1m[36m (2.0ms)[0m  [1mCREATE TABLE "schema_migrations" ("version" varchar(255) NOT NULL) [0m
  [1m[35m (0.0ms)[0m  PRAGMA index_list("schema_migrations")
  [1m[36m (1.8ms)[0m  [1mCREATE UNIQUE INDEX "unique_schema_migrations" ON "schema_migrations" ("version")[0m
  [1m[35m (0.0ms)[0m  SELECT version FROM "schema_migrations"
  [1m[36m (1.7ms)[0m  [1mINSERT INTO "schema_migrations" (version) VALUES ('0')[0m
  [1m[36m (0.1ms)[0m  [1mSELECT "schema_migrations"."version" FROM "schema_migrations" [0m
Migrating to CreateCombatLogs (20120325220927)
  [1m[35m (0.0ms)[0m  select sqlite_version(*)
  [1m[36m (0.0ms)[0m  [1mbegin transaction[0m
  [1m[35m (0.4ms)[0m  CREATE TABLE "combat_logs" ("id" INTEGER PRIMARY KEY AUTOINCREMENT NOT NULL, "filename" varchar(255), "created_at" datetime NOT NULL, "updated_at" datetime NOT NULL) 
  [1m[36m (0.1ms)[0m  [1mINSERT INTO "schema_migrations" ("version") VALUES ('20120325220927')[0m
  [1m[35m (1.8ms)[0m  commit transaction
  [1m[36m (0.2ms)[0m  [1mselect sqlite_version(*)[0m
  [1m[35m (0.1ms)[0m  SELECT "schema_migrations"."version" FROM "schema_migrations" 
  [1m[36m (0.0ms)[0m  [1mPRAGMA index_list("combat_logs")[0m
  [1m[36m (7.6ms)[0m  [1mSELECT version FROM schema_migrations ORDER BY version[0m
  [1m[36m (0.1ms)[0m  [1mSELECT "schema_migrations"."version" FROM "schema_migrations" [0m
  [1m[35m (0.1ms)[0m  select sqlite_version(*)
  [1m[36m (2.4ms)[0m  [1mCREATE TABLE "combat_logs" ("id" INTEGER PRIMARY KEY AUTOINCREMENT NOT NULL, "filename" varchar(255), "created_at" datetime NOT NULL, "updated_at" datetime NOT NULL) [0m
  [1m[35m (1.6ms)[0m  CREATE TABLE "schema_migrations" ("version" varchar(255) NOT NULL) 
  [1m[36m (0.0ms)[0m  [1mPRAGMA index_list("schema_migrations")[0m
  [1m[35m (1.8ms)[0m  CREATE UNIQUE INDEX "unique_schema_migrations" ON "schema_migrations" ("version")
  [1m[36m (0.0ms)[0m  [1mSELECT version FROM "schema_migrations"[0m
  [1m[35m (1.8ms)[0m  INSERT INTO "schema_migrations" (version) VALUES ('20120325220927')
  [1m[36m (0.1ms)[0m  [1mSELECT "schema_migrations"."version" FROM "schema_migrations" [0m
  [1m[35m (0.1ms)[0m  select sqlite_version(*)
  [1m[36m (1.9ms)[0m  [1mCREATE TABLE "combat_logs" ("id" INTEGER PRIMARY KEY AUTOINCREMENT NOT NULL, "filename" varchar(255), "created_at" datetime NOT NULL, "updated_at" datetime NOT NULL) [0m
  [1m[35m (1.7ms)[0m  CREATE TABLE "schema_migrations" ("version" varchar(255) NOT NULL) 
  [1m[36m (0.0ms)[0m  [1mPRAGMA index_list("schema_migrations")[0m
  [1m[35m (1.8ms)[0m  CREATE UNIQUE INDEX "unique_schema_migrations" ON "schema_migrations" ("version")
  [1m[36m (0.0ms)[0m  [1mSELECT version FROM "schema_migrations"[0m
  [1m[35m (1.6ms)[0m  INSERT INTO "schema_migrations" (version) VALUES ('20120325220927')
  [1m[36m (0.1ms)[0m  [1mSELECT "schema_migrations"."version" FROM "schema_migrations" [0m
  [1m[35m (0.1ms)[0m  select sqlite_version(*)
  [1m[36m (2.7ms)[0m  [1mCREATE TABLE "combat_logs" ("id" INTEGER PRIMARY KEY AUTOINCREMENT NOT NULL, "filename" varchar(255), "created_at" datetime NOT NULL, "updated_at" datetime NOT NULL) [0m
  [1m[35m (1.8ms)[0m  CREATE TABLE "schema_migrations" ("version" varchar(255) NOT NULL) 
  [1m[36m (0.0ms)[0m  [1mPRAGMA index_list("schema_migrations")[0m
  [1m[35m (1.9ms)[0m  CREATE UNIQUE INDEX "unique_schema_migrations" ON "schema_migrations" ("version")
  [1m[36m (0.0ms)[0m  [1mSELECT version FROM "schema_migrations"[0m
  [1m[35m (1.6ms)[0m  INSERT INTO "schema_migrations" (version) VALUES ('20120325220927')
  [1m[36m (0.1ms)[0m  [1mSELECT "schema_migrations"."version" FROM "schema_migrations" [0m
  [1m[35m (0.1ms)[0m  select sqlite_version(*)
  [1m[36m (3.4ms)[0m  [1mCREATE TABLE "combat_logs" ("id" INTEGER PRIMARY KEY AUTOINCREMENT NOT NULL, "filename" varchar(255), "created_at" datetime NOT NULL, "updated_at" datetime NOT NULL) [0m
  [1m[35m (1.8ms)[0m  CREATE TABLE "schema_migrations" ("version" varchar(255) NOT NULL) 
  [1m[36m (0.0ms)[0m  [1mPRAGMA index_list("schema_migrations")[0m
  [1m[35m (1.8ms)[0m  CREATE UNIQUE INDEX "unique_schema_migrations" ON "schema_migrations" ("version")
  [1m[36m (0.0ms)[0m  [1mSELECT version FROM "schema_migrations"[0m
  [1m[35m (1.7ms)[0m  INSERT INTO "schema_migrations" (version) VALUES ('20120325220927')
  [1m[36m (0.1ms)[0m  [1mSELECT "schema_migrations"."version" FROM "schema_migrations" [0m
  [1m[35m (0.1ms)[0m  select sqlite_version(*)
  [1m[36m (2.7ms)[0m  [1mCREATE TABLE "combat_logs" ("id" INTEGER PRIMARY KEY AUTOINCREMENT NOT NULL, "filename" varchar(255), "created_at" datetime NOT NULL, "updated_at" datetime NOT NULL) [0m
  [1m[35m (1.8ms)[0m  CREATE TABLE "schema_migrations" ("version" varchar(255) NOT NULL) 
  [1m[36m (0.0ms)[0m  [1mPRAGMA index_list("schema_migrations")[0m
  [1m[35m (1.8ms)[0m  CREATE UNIQUE INDEX "unique_schema_migrations" ON "schema_migrations" ("version")
  [1m[36m (0.1ms)[0m  [1mSELECT version FROM "schema_migrations"[0m
  [1m[35m (1.6ms)[0m  INSERT INTO "schema_migrations" (version) VALUES ('20120325220927')
  [1m[36m (0.1ms)[0m  [1mSELECT "schema_migrations"."version" FROM "schema_migrations" [0m
  [1m[35m (0.1ms)[0m  select sqlite_version(*)
  [1m[36m (2.8ms)[0m  [1mCREATE TABLE "combat_logs" ("id" INTEGER PRIMARY KEY AUTOINCREMENT NOT NULL, "filename" varchar(255), "created_at" datetime NOT NULL, "updated_at" datetime NOT NULL) [0m
  [1m[35m (1.5ms)[0m  CREATE TABLE "schema_migrations" ("version" varchar(255) NOT NULL) 
  [1m[36m (0.0ms)[0m  [1mPRAGMA index_list("schema_migrations")[0m
  [1m[35m (1.7ms)[0m  CREATE UNIQUE INDEX "unique_schema_migrations" ON "schema_migrations" ("version")
  [1m[36m (0.0ms)[0m  [1mSELECT version FROM "schema_migrations"[0m
  [1m[35m (1.7ms)[0m  INSERT INTO "schema_migrations" (version) VALUES ('20120325220927')
  [1m[36m (0.1ms)[0m  [1mSELECT "schema_migrations"."version" FROM "schema_migrations" [0m
  [1m[35m (0.1ms)[0m  select sqlite_version(*)
  [1m[36m (3.1ms)[0m  [1mCREATE TABLE "combat_logs" ("id" INTEGER PRIMARY KEY AUTOINCREMENT NOT NULL, "filename" varchar(255), "created_at" datetime NOT NULL, "updated_at" datetime NOT NULL) [0m
  [1m[35m (1.6ms)[0m  CREATE TABLE "schema_migrations" ("version" varchar(255) NOT NULL) 
  [1m[36m (0.0ms)[0m  [1mPRAGMA index_list("schema_migrations")[0m
  [1m[35m (1.8ms)[0m  CREATE UNIQUE INDEX "unique_schema_migrations" ON "schema_migrations" ("version")
  [1m[36m (0.0ms)[0m  [1mSELECT version FROM "schema_migrations"[0m
  [1m[35m (1.8ms)[0m  INSERT INTO "schema_migrations" (version) VALUES ('20120325220927')
  [1m[36m (0.1ms)[0m  [1mSELECT "schema_migrations"."version" FROM "schema_migrations" [0m
  [1m[35m (0.1ms)[0m  select sqlite_version(*)
  [1m[36m (2.0ms)[0m  [1mCREATE TABLE "combat_logs" ("id" INTEGER PRIMARY KEY AUTOINCREMENT NOT NULL, "filename" varchar(255), "created_at" datetime NOT NULL, "updated_at" datetime NOT NULL) [0m
  [1m[35m (1.6ms)[0m  CREATE TABLE "schema_migrations" ("version" varchar(255) NOT NULL) 
  [1m[36m (0.0ms)[0m  [1mPRAGMA index_list("schema_migrations")[0m
  [1m[35m (1.7ms)[0m  CREATE UNIQUE INDEX "unique_schema_migrations" ON "schema_migrations" ("version")
  [1m[36m (0.0ms)[0m  [1mSELECT version FROM "schema_migrations"[0m
  [1m[35m (1.6ms)[0m  INSERT INTO "schema_migrations" (version) VALUES ('20120325220927')
  [1m[36m (0.1ms)[0m  [1mSELECT "schema_migrations"."version" FROM "schema_migrations" [0m
Migrating to CreateCombatLogs (20120325220927)
Migrating to AddAttachmentFileToCombatLog (20120326023959)
  [1m[35m (0.0ms)[0m  select sqlite_version(*)
  [1m[36m (0.0ms)[0m  [1mbegin transaction[0m
  [1m[35m (0.5ms)[0m  ALTER TABLE "combat_logs" ADD "file_file_name" varchar(255)
  [1m[36m (0.1ms)[0m  [1mALTER TABLE "combat_logs" ADD "file_content_type" varchar(255)[0m
  [1m[35m (0.1ms)[0m  ALTER TABLE "combat_logs" ADD "file_file_size" integer
  [1m[36m (0.1ms)[0m  [1mALTER TABLE "combat_logs" ADD "file_updated_at" datetime[0m
  [1m[35m (0.1ms)[0m  INSERT INTO "schema_migrations" ("version") VALUES ('20120326023959')
  [1m[36m (3.2ms)[0m  [1mcommit transaction[0m
  [1m[35m (0.2ms)[0m  select sqlite_version(*)
  [1m[36m (0.1ms)[0m  [1mSELECT "schema_migrations"."version" FROM "schema_migrations" [0m
  [1m[35m (0.0ms)[0m  PRAGMA index_list("combat_logs")
  [1m[36m (0.1ms)[0m  [1mSELECT "schema_migrations"."version" FROM "schema_migrations" [0m
Migrating to CreateCombatLogs (20120325220927)
Migrating to AddAttachmentFileToCombatLog (20120326023959)
  [1m[35m (0.2ms)[0m  select sqlite_version(*)
  [1m[36m (0.1ms)[0m  [1mSELECT "schema_migrations"."version" FROM "schema_migrations" [0m
  [1m[35m (0.0ms)[0m  PRAGMA index_list("combat_logs")
  [1m[36m (7.9ms)[0m  [1mSELECT version FROM schema_migrations ORDER BY version[0m
  [1m[36m (0.1ms)[0m  [1mSELECT "schema_migrations"."version" FROM "schema_migrations" [0m
  [1m[35m (0.2ms)[0m  select sqlite_version(*)
  [1m[36m (1.9ms)[0m  [1mCREATE TABLE "combat_logs" ("id" INTEGER PRIMARY KEY AUTOINCREMENT NOT NULL, "filename" varchar(255), "created_at" datetime NOT NULL, "updated_at" datetime NOT NULL, "file_file_name" varchar(255), "file_content_type" varchar(255), "file_file_size" integer, "file_updated_at" datetime) [0m
  [1m[35m (1.5ms)[0m  CREATE TABLE "schema_migrations" ("version" varchar(255) NOT NULL) 
  [1m[36m (0.0ms)[0m  [1mPRAGMA index_list("schema_migrations")[0m
  [1m[35m (1.7ms)[0m  CREATE UNIQUE INDEX "unique_schema_migrations" ON "schema_migrations" ("version")
  [1m[36m (0.1ms)[0m  [1mSELECT version FROM "schema_migrations"[0m
  [1m[35m (1.6ms)[0m  INSERT INTO "schema_migrations" (version) VALUES ('20120326023959')
  [1m[36m (1.5ms)[0m  [1mINSERT INTO "schema_migrations" (version) VALUES ('20120325220927')[0m
  [1m[36m (0.1ms)[0m  [1mSELECT "schema_migrations"."version" FROM "schema_migrations" [0m
  [1m[35m (0.1ms)[0m  select sqlite_version(*)
  [1m[36m (1.9ms)[0m  [1mCREATE TABLE "combat_logs" ("id" INTEGER PRIMARY KEY AUTOINCREMENT NOT NULL, "filename" varchar(255), "created_at" datetime NOT NULL, "updated_at" datetime NOT NULL, "file_file_name" varchar(255), "file_content_type" varchar(255), "file_file_size" integer, "file_updated_at" datetime) [0m
  [1m[35m (1.5ms)[0m  CREATE TABLE "schema_migrations" ("version" varchar(255) NOT NULL) 
  [1m[36m (0.0ms)[0m  [1mPRAGMA index_list("schema_migrations")[0m
  [1m[35m (1.6ms)[0m  CREATE UNIQUE INDEX "unique_schema_migrations" ON "schema_migrations" ("version")
  [1m[36m (0.1ms)[0m  [1mSELECT version FROM "schema_migrations"[0m
  [1m[35m (1.6ms)[0m  INSERT INTO "schema_migrations" (version) VALUES ('20120326023959')
  [1m[36m (1.7ms)[0m  [1mINSERT INTO "schema_migrations" (version) VALUES ('20120325220927')[0m
  [1m[36m (0.1ms)[0m  [1mSELECT "schema_migrations"."version" FROM "schema_migrations" [0m
  [1m[35m (0.1ms)[0m  select sqlite_version(*)
  [1m[36m (2.7ms)[0m  [1mCREATE TABLE "combat_logs" ("id" INTEGER PRIMARY KEY AUTOINCREMENT NOT NULL, "filename" varchar(255), "created_at" datetime NOT NULL, "updated_at" datetime NOT NULL, "file_file_name" varchar(255), "file_content_type" varchar(255), "file_file_size" integer, "file_updated_at" datetime) [0m
  [1m[35m (1.8ms)[0m  CREATE TABLE "schema_migrations" ("version" varchar(255) NOT NULL) 
  [1m[36m (0.0ms)[0m  [1mPRAGMA index_list("schema_migrations")[0m
  [1m[35m (1.8ms)[0m  CREATE UNIQUE INDEX "unique_schema_migrations" ON "schema_migrations" ("version")
  [1m[36m (0.0ms)[0m  [1mSELECT version FROM "schema_migrations"[0m
  [1m[35m (1.7ms)[0m  INSERT INTO "schema_migrations" (version) VALUES ('20120326023959')
  [1m[36m (1.6ms)[0m  [1mINSERT INTO "schema_migrations" (version) VALUES ('20120325220927')[0m
  [1m[36m (0.1ms)[0m  [1mSELECT "schema_migrations"."version" FROM "schema_migrations" [0m
  [1m[35m (0.1ms)[0m  select sqlite_version(*)
  [1m[36m (3.2ms)[0m  [1mCREATE TABLE "combat_logs" ("id" INTEGER PRIMARY KEY AUTOINCREMENT NOT NULL, "filename" varchar(255), "created_at" datetime NOT NULL, "updated_at" datetime NOT NULL, "file_file_name" varchar(255), "file_content_type" varchar(255), "file_file_size" integer, "file_updated_at" datetime) [0m
  [1m[35m (1.7ms)[0m  CREATE TABLE "schema_migrations" ("version" varchar(255) NOT NULL) 
  [1m[36m (0.0ms)[0m  [1mPRAGMA index_list("schema_migrations")[0m
  [1m[35m (1.9ms)[0m  CREATE UNIQUE INDEX "unique_schema_migrations" ON "schema_migrations" ("version")
  [1m[36m (0.0ms)[0m  [1mSELECT version FROM "schema_migrations"[0m
  [1m[35m (1.6ms)[0m  INSERT INTO "schema_migrations" (version) VALUES ('20120326023959')
  [1m[36m (1.6ms)[0m  [1mINSERT INTO "schema_migrations" (version) VALUES ('20120325220927')[0m
  [1m[36m (0.1ms)[0m  [1mSELECT "schema_migrations"."version" FROM "schema_migrations" [0m
  [1m[35m (0.1ms)[0m  select sqlite_version(*)
  [1m[36m (2.8ms)[0m  [1mCREATE TABLE "combat_logs" ("id" INTEGER PRIMARY KEY AUTOINCREMENT NOT NULL, "filename" varchar(255), "created_at" datetime NOT NULL, "updated_at" datetime NOT NULL, "file_file_name" varchar(255), "file_content_type" varchar(255), "file_file_size" integer, "file_updated_at" datetime) [0m
  [1m[35m (1.7ms)[0m  CREATE TABLE "schema_migrations" ("version" varchar(255) NOT NULL) 
  [1m[36m (0.0ms)[0m  [1mPRAGMA index_list("schema_migrations")[0m
  [1m[35m (1.8ms)[0m  CREATE UNIQUE INDEX "unique_schema_migrations" ON "schema_migrations" ("version")
  [1m[36m (0.0ms)[0m  [1mSELECT version FROM "schema_migrations"[0m
  [1m[35m (1.5ms)[0m  INSERT INTO "schema_migrations" (version) VALUES ('20120326023959')
  [1m[36m (1.7ms)[0m  [1mINSERT INTO "schema_migrations" (version) VALUES ('20120325220927')[0m
  [1m[36m (0.1ms)[0m  [1mSELECT "schema_migrations"."version" FROM "schema_migrations" [0m
Migrating to CreateCombatLogs (20120325220927)
Migrating to AddAttachmentFileToCombatLog (20120326023959)
Migrating to RemoveFilenameFromCombatLogs (20120326025815)
  [1m[35m (0.0ms)[0m  select sqlite_version(*)
  [1m[36m (0.0ms)[0m  [1mbegin transaction[0m
  [1m[35m (0.4ms)[0m  CREATE TEMPORARY TABLE "altered_combat_logs" ("id" INTEGER PRIMARY KEY AUTOINCREMENT NOT NULL, "filename" varchar(255), "created_at" datetime NOT NULL, "updated_at" datetime NOT NULL, "file_file_name" varchar(255), "file_content_type" varchar(255), "file_file_size" integer, "file_updated_at" datetime) 
  [1m[36m (0.0ms)[0m  [1mPRAGMA index_list("combat_logs")[0m
  [1m[35m (0.1ms)[0m  SELECT * FROM "combat_logs"
  [1m[36m (0.3ms)[0m  [1mDROP TABLE "combat_logs"[0m
  [1m[35m (0.1ms)[0m  CREATE TABLE "combat_logs" ("id" INTEGER PRIMARY KEY AUTOINCREMENT NOT NULL, "created_at" datetime NOT NULL, "updated_at" datetime NOT NULL, "file_file_name" varchar(255), "file_content_type" varchar(255), "file_file_size" integer, "file_updated_at" datetime) 
  [1m[36m (0.0ms)[0m  [1mPRAGMA index_list("altered_combat_logs")[0m
  [1m[35m (0.0ms)[0m  SELECT * FROM "altered_combat_logs"
  [1m[36m (0.2ms)[0m  [1mDROP TABLE "altered_combat_logs"[0m
  [1m[35m (0.1ms)[0m  INSERT INTO "schema_migrations" ("version") VALUES ('20120326025815')
  [1m[36m (3.4ms)[0m  [1mcommit transaction[0m
  [1m[35m (0.2ms)[0m  select sqlite_version(*)
  [1m[36m (0.1ms)[0m  [1mSELECT "schema_migrations"."version" FROM "schema_migrations" [0m
  [1m[35m (0.0ms)[0m  PRAGMA index_list("combat_logs")
  [1m[36m (8.2ms)[0m  [1mSELECT version FROM schema_migrations ORDER BY version[0m
  [1m[36m (0.1ms)[0m  [1mSELECT "schema_migrations"."version" FROM "schema_migrations" [0m
Migrating to CreateCombatLogs (20120325220927)
Migrating to AddAttachmentFileToCombatLog (20120326023959)
Migrating to RemoveFilenameFromCombatLogs (20120326025815)
Migrating to CreateEntities (20120326063036)
  [1m[35m (0.0ms)[0m  select sqlite_version(*)
  [1m[36m (0.0ms)[0m  [1mbegin transaction[0m
  [1m[35m (0.0ms)[0m  rollback transaction
  [1m[36m (0.1ms)[0m  [1mSELECT "schema_migrations"."version" FROM "schema_migrations" [0m
Migrating to CreateCombatLogs (20120325220927)
Migrating to AddAttachmentFileToCombatLog (20120326023959)
Migrating to RemoveFilenameFromCombatLogs (20120326025815)
Migrating to CreateEntities (20120326063036)
  [1m[35m (0.0ms)[0m  select sqlite_version(*)
  [1m[36m (0.0ms)[0m  [1mbegin transaction[0m
  [1m[35m (0.3ms)[0m  CREATE TABLE "entities" ("id" INTEGER PRIMARY KEY AUTOINCREMENT NOT NULL, "name" varchar(255), "total_damage" integer, "player" boolean, "total_healing" integer, "created_at" datetime NOT NULL, "updated_at" datetime NOT NULL) 
  [1m[36m (0.1ms)[0m  [1mINSERT INTO "schema_migrations" ("version") VALUES ('20120326063036')[0m
  [1m[35m (3.3ms)[0m  commit transaction
  [1m[36m (0.2ms)[0m  [1mselect sqlite_version(*)[0m
  [1m[35m (0.1ms)[0m  SELECT "schema_migrations"."version" FROM "schema_migrations" 
  [1m[36m (0.0ms)[0m  [1mPRAGMA index_list("combat_logs")[0m
  [1m[35m (0.0ms)[0m  PRAGMA index_list("entities")
  [1m[36m (8.2ms)[0m  [1mSELECT version FROM schema_migrations ORDER BY version[0m
  [1m[36m (0.1ms)[0m  [1mSELECT "schema_migrations"."version" FROM "schema_migrations" [0m
Migrating to CreateCombatLogs (20120325220927)
Migrating to AddAttachmentFileToCombatLog (20120326023959)
Migrating to RemoveFilenameFromCombatLogs (20120326025815)
Migrating to CreateEntities (20120326063036)
Migrating to AddCombatLogIdToEntities (20120326070606)
  [1m[35m (0.0ms)[0m  select sqlite_version(*)
  [1m[36m (0.0ms)[0m  [1mbegin transaction[0m
  [1m[35m (0.3ms)[0m  ALTER TABLE "entities" ADD "combat_log_id" integer
  [1m[36m (0.1ms)[0m  [1mINSERT INTO "schema_migrations" ("version") VALUES ('20120326070606')[0m
  [1m[35m (1.7ms)[0m  commit transaction
  [1m[36m (0.2ms)[0m  [1mselect sqlite_version(*)[0m
  [1m[35m (0.1ms)[0m  SELECT "schema_migrations"."version" FROM "schema_migrations" 
  [1m[36m (0.0ms)[0m  [1mPRAGMA index_list("combat_logs")[0m
  [1m[35m (0.0ms)[0m  PRAGMA index_list("entities")
  [1m[36m (8.0ms)[0m  [1mSELECT version FROM schema_migrations ORDER BY version[0m
  [1m[36m (0.1ms)[0m  [1mSELECT "schema_migrations"."version" FROM "schema_migrations" [0m
  [1m[35m (0.1ms)[0m  select sqlite_version(*)
  [1m[36m (29.6ms)[0m  [1mCREATE TABLE "combat_logs" ("id" INTEGER PRIMARY KEY AUTOINCREMENT NOT NULL, "created_at" datetime NOT NULL, "updated_at" datetime NOT NULL, "file_file_name" varchar(255), "file_content_type" varchar(255), "file_file_size" integer, "file_updated_at" datetime) [0m
  [1m[35m (10.4ms)[0m  CREATE TABLE "entities" ("id" INTEGER PRIMARY KEY AUTOINCREMENT NOT NULL, "name" varchar(255), "total_damage" integer, "player" boolean, "total_healing" integer, "created_at" datetime NOT NULL, "updated_at" datetime NOT NULL, "combat_log_id" integer) 
  [1m[36m (20.2ms)[0m  [1mCREATE TABLE "schema_migrations" ("version" varchar(255) NOT NULL) [0m
  [1m[35m (0.0ms)[0m  PRAGMA index_list("schema_migrations")
  [1m[36m (53.9ms)[0m  [1mCREATE UNIQUE INDEX "unique_schema_migrations" ON "schema_migrations" ("version")[0m
  [1m[35m (0.0ms)[0m  SELECT version FROM "schema_migrations"
  [1m[36m (7.7ms)[0m  [1mINSERT INTO "schema_migrations" (version) VALUES ('20120326070606')[0m
  [1m[35m (38.4ms)[0m  INSERT INTO "schema_migrations" (version) VALUES ('20120325220927')
  [1m[36m (44.3ms)[0m  [1mINSERT INTO "schema_migrations" (version) VALUES ('20120326023959')[0m
  [1m[35m (12.8ms)[0m  INSERT INTO "schema_migrations" (version) VALUES ('20120326025815')
  [1m[36m (19.1ms)[0m  [1mINSERT INTO "schema_migrations" (version) VALUES ('20120326063036')[0m
  [1m[36m (0.1ms)[0m  [1mSELECT "schema_migrations"."version" FROM "schema_migrations" [0m
  [1m[35m (0.2ms)[0m  select sqlite_version(*)
  [1m[36m (6.5ms)[0m  [1mCREATE TABLE "combat_logs" ("id" INTEGER PRIMARY KEY AUTOINCREMENT NOT NULL, "created_at" datetime NOT NULL, "updated_at" datetime NOT NULL, "file_file_name" varchar(255), "file_content_type" varchar(255), "file_file_size" integer, "file_updated_at" datetime) [0m
  [1m[35m (6.3ms)[0m  CREATE TABLE "entities" ("id" INTEGER PRIMARY KEY AUTOINCREMENT NOT NULL, "name" varchar(255), "total_damage" integer, "player" boolean, "total_healing" integer, "created_at" datetime NOT NULL, "updated_at" datetime NOT NULL, "combat_log_id" integer) 
  [1m[36m (20.7ms)[0m  [1mCREATE TABLE "schema_migrations" ("version" varchar(255) NOT NULL) [0m
  [1m[35m (0.0ms)[0m  PRAGMA index_list("schema_migrations")
  [1m[36m (9.7ms)[0m  [1mCREATE UNIQUE INDEX "unique_schema_migrations" ON "schema_migrations" ("version")[0m
  [1m[35m (0.1ms)[0m  SELECT version FROM "schema_migrations"
  [1m[36m (10.0ms)[0m  [1mINSERT INTO "schema_migrations" (version) VALUES ('20120326070606')[0m
  [1m[35m (9.4ms)[0m  INSERT INTO "schema_migrations" (version) VALUES ('20120325220927')
  [1m[36m (21.2ms)[0m  [1mINSERT INTO "schema_migrations" (version) VALUES ('20120326023959')[0m
  [1m[35m (19.9ms)[0m  INSERT INTO "schema_migrations" (version) VALUES ('20120326025815')
  [1m[36m (15.6ms)[0m  [1mINSERT INTO "schema_migrations" (version) VALUES ('20120326063036')[0m
  [1m[36m (0.1ms)[0m  [1mSELECT "schema_migrations"."version" FROM "schema_migrations" [0m
  [1m[35m (0.1ms)[0m  select sqlite_version(*)
  [1m[36m (2.0ms)[0m  [1mCREATE TABLE "combat_logs" ("id" INTEGER PRIMARY KEY AUTOINCREMENT NOT NULL, "created_at" datetime NOT NULL, "updated_at" datetime NOT NULL, "file_file_name" varchar(255), "file_content_type" varchar(255), "file_file_size" integer, "file_updated_at" datetime) [0m
  [1m[35m (1.6ms)[0m  CREATE TABLE "entities" ("id" INTEGER PRIMARY KEY AUTOINCREMENT NOT NULL, "name" varchar(255), "total_damage" integer, "player" boolean, "total_healing" integer, "created_at" datetime NOT NULL, "updated_at" datetime NOT NULL, "combat_log_id" integer) 
  [1m[36m (1.7ms)[0m  [1mCREATE TABLE "schema_migrations" ("version" varchar(255) NOT NULL) [0m
  [1m[35m (0.0ms)[0m  PRAGMA index_list("schema_migrations")
  [1m[36m (1.7ms)[0m  [1mCREATE UNIQUE INDEX "unique_schema_migrations" ON "schema_migrations" ("version")[0m
  [1m[35m (0.0ms)[0m  SELECT version FROM "schema_migrations"
  [1m[36m (1.6ms)[0m  [1mINSERT INTO "schema_migrations" (version) VALUES ('20120326070606')[0m
  [1m[35m (1.8ms)[0m  INSERT INTO "schema_migrations" (version) VALUES ('20120325220927')
  [1m[36m (1.6ms)[0m  [1mINSERT INTO "schema_migrations" (version) VALUES ('20120326023959')[0m
  [1m[35m (1.5ms)[0m  INSERT INTO "schema_migrations" (version) VALUES ('20120326025815')
  [1m[36m (1.8ms)[0m  [1mINSERT INTO "schema_migrations" (version) VALUES ('20120326063036')[0m
  [1m[36m (0.1ms)[0m  [1mSELECT "schema_migrations"."version" FROM "schema_migrations" [0m
  [1m[35m (0.1ms)[0m  select sqlite_version(*)
  [1m[36m (3.0ms)[0m  [1mCREATE TABLE "combat_logs" ("id" INTEGER PRIMARY KEY AUTOINCREMENT NOT NULL, "created_at" datetime NOT NULL, "updated_at" datetime NOT NULL, "file_file_name" varchar(255), "file_content_type" varchar(255), "file_file_size" integer, "file_updated_at" datetime) [0m
  [1m[35m (1.8ms)[0m  CREATE TABLE "entities" ("id" INTEGER PRIMARY KEY AUTOINCREMENT NOT NULL, "name" varchar(255), "total_damage" integer, "player" boolean, "total_healing" integer, "created_at" datetime NOT NULL, "updated_at" datetime NOT NULL, "combat_log_id" integer) 
  [1m[36m (2.1ms)[0m  [1mCREATE TABLE "schema_migrations" ("version" varchar(255) NOT NULL) [0m
  [1m[35m (0.0ms)[0m  PRAGMA index_list("schema_migrations")
  [1m[36m (2.0ms)[0m  [1mCREATE UNIQUE INDEX "unique_schema_migrations" ON "schema_migrations" ("version")[0m
  [1m[35m (0.0ms)[0m  SELECT version FROM "schema_migrations"
  [1m[36m (1.9ms)[0m  [1mINSERT INTO "schema_migrations" (version) VALUES ('20120326070606')[0m
  [1m[35m (1.7ms)[0m  INSERT INTO "schema_migrations" (version) VALUES ('20120325220927')
  [1m[36m (1.6ms)[0m  [1mINSERT INTO "schema_migrations" (version) VALUES ('20120326023959')[0m
  [1m[35m (1.6ms)[0m  INSERT INTO "schema_migrations" (version) VALUES ('20120326025815')
  [1m[36m (1.7ms)[0m  [1mINSERT INTO "schema_migrations" (version) VALUES ('20120326063036')[0m
[paperclip] Saving attachments.
[paperclip] saving /Users/jkiehl/Adventures/scrunch-web/public/system/files/1/original/Ahri-vs-ForgeGuardian.txt
  [1m[36m (0.1ms)[0m  [1mSELECT "schema_migrations"."version" FROM "schema_migrations" [0m
  [1m[35m (0.1ms)[0m  select sqlite_version(*)
  [1m[36m (5.0ms)[0m  [1mCREATE TABLE "combat_logs" ("id" INTEGER PRIMARY KEY AUTOINCREMENT NOT NULL, "created_at" datetime NOT NULL, "updated_at" datetime NOT NULL, "file_file_name" varchar(255), "file_content_type" varchar(255), "file_file_size" integer, "file_updated_at" datetime) [0m
  [1m[35m (2.1ms)[0m  CREATE TABLE "entities" ("id" INTEGER PRIMARY KEY AUTOINCREMENT NOT NULL, "name" varchar(255), "total_damage" integer, "player" boolean, "total_healing" integer, "created_at" datetime NOT NULL, "updated_at" datetime NOT NULL, "combat_log_id" integer) 
  [1m[36m (1.8ms)[0m  [1mCREATE TABLE "schema_migrations" ("version" varchar(255) NOT NULL) [0m
  [1m[35m (0.0ms)[0m  PRAGMA index_list("schema_migrations")
  [1m[36m (2.2ms)[0m  [1mCREATE UNIQUE INDEX "unique_schema_migrations" ON "schema_migrations" ("version")[0m
  [1m[35m (0.0ms)[0m  SELECT version FROM "schema_migrations"
  [1m[36m (2.0ms)[0m  [1mINSERT INTO "schema_migrations" (version) VALUES ('20120326070606')[0m
  [1m[35m (2.0ms)[0m  INSERT INTO "schema_migrations" (version) VALUES ('20120325220927')
  [1m[36m (2.1ms)[0m  [1mINSERT INTO "schema_migrations" (version) VALUES ('20120326023959')[0m
  [1m[35m (1.8ms)[0m  INSERT INTO "schema_migrations" (version) VALUES ('20120326025815')
  [1m[36m (1.8ms)[0m  [1mINSERT INTO "schema_migrations" (version) VALUES ('20120326063036')[0m
  [1m[36m (0.1ms)[0m  [1mSELECT "schema_migrations"."version" FROM "schema_migrations" [0m
  [1m[35m (0.1ms)[0m  select sqlite_version(*)
  [1m[36m (2.1ms)[0m  [1mCREATE TABLE "combat_logs" ("id" INTEGER PRIMARY KEY AUTOINCREMENT NOT NULL, "created_at" datetime NOT NULL, "updated_at" datetime NOT NULL, "file_file_name" varchar(255), "file_content_type" varchar(255), "file_file_size" integer, "file_updated_at" datetime) [0m
  [1m[35m (3.3ms)[0m  CREATE TABLE "entities" ("id" INTEGER PRIMARY KEY AUTOINCREMENT NOT NULL, "name" varchar(255), "total_damage" integer, "player" boolean, "total_healing" integer, "created_at" datetime NOT NULL, "updated_at" datetime NOT NULL, "combat_log_id" integer) 
  [1m[36m (2.1ms)[0m  [1mCREATE TABLE "schema_migrations" ("version" varchar(255) NOT NULL) [0m
  [1m[35m (0.0ms)[0m  PRAGMA index_list("schema_migrations")
  [1m[36m (1.6ms)[0m  [1mCREATE UNIQUE INDEX "unique_schema_migrations" ON "schema_migrations" ("version")[0m
  [1m[35m (0.0ms)[0m  SELECT version FROM "schema_migrations"
  [1m[36m (1.9ms)[0m  [1mINSERT INTO "schema_migrations" (version) VALUES ('20120326070606')[0m
  [1m[35m (2.3ms)[0m  INSERT INTO "schema_migrations" (version) VALUES ('20120325220927')
  [1m[36m (1.8ms)[0m  [1mINSERT INTO "schema_migrations" (version) VALUES ('20120326023959')[0m
  [1m[35m (3.1ms)[0m  INSERT INTO "schema_migrations" (version) VALUES ('20120326025815')
  [1m[36m (1.5ms)[0m  [1mINSERT INTO "schema_migrations" (version) VALUES ('20120326063036')[0m
  [1m[36m (0.1ms)[0m  [1mSELECT "schema_migrations"."version" FROM "schema_migrations" [0m
  [1m[35m (0.1ms)[0m  select sqlite_version(*)
  [1m[36m (1.8ms)[0m  [1mCREATE TABLE "combat_logs" ("id" INTEGER PRIMARY KEY AUTOINCREMENT NOT NULL, "created_at" datetime NOT NULL, "updated_at" datetime NOT NULL, "file_file_name" varchar(255), "file_content_type" varchar(255), "file_file_size" integer, "file_updated_at" datetime) [0m
  [1m[35m (1.5ms)[0m  CREATE TABLE "entities" ("id" INTEGER PRIMARY KEY AUTOINCREMENT NOT NULL, "name" varchar(255), "total_damage" integer, "player" boolean, "total_healing" integer, "created_at" datetime NOT NULL, "updated_at" datetime NOT NULL, "combat_log_id" integer) 
  [1m[36m (1.9ms)[0m  [1mCREATE TABLE "schema_migrations" ("version" varchar(255) NOT NULL) [0m
  [1m[35m (0.0ms)[0m  PRAGMA index_list("schema_migrations")
  [1m[36m (1.9ms)[0m  [1mCREATE UNIQUE INDEX "unique_schema_migrations" ON "schema_migrations" ("version")[0m
  [1m[35m (0.1ms)[0m  SELECT version FROM "schema_migrations"
  [1m[36m (1.6ms)[0m  [1mINSERT INTO "schema_migrations" (version) VALUES ('20120326070606')[0m
  [1m[35m (1.6ms)[0m  INSERT INTO "schema_migrations" (version) VALUES ('20120325220927')
  [1m[36m (2.2ms)[0m  [1mINSERT INTO "schema_migrations" (version) VALUES ('20120326023959')[0m
  [1m[35m (1.9ms)[0m  INSERT INTO "schema_migrations" (version) VALUES ('20120326025815')
  [1m[36m (2.6ms)[0m  [1mINSERT INTO "schema_migrations" (version) VALUES ('20120326063036')[0m
  [1m[36m (0.1ms)[0m  [1mSELECT "schema_migrations"."version" FROM "schema_migrations" [0m
  [1m[35m (0.1ms)[0m  select sqlite_version(*)
  [1m[36m (3.5ms)[0m  [1mCREATE TABLE "combat_logs" ("id" INTEGER PRIMARY KEY AUTOINCREMENT NOT NULL, "created_at" datetime NOT NULL, "updated_at" datetime NOT NULL, "file_file_name" varchar(255), "file_content_type" varchar(255), "file_file_size" integer, "file_updated_at" datetime) [0m
  [1m[35m (2.1ms)[0m  CREATE TABLE "entities" ("id" INTEGER PRIMARY KEY AUTOINCREMENT NOT NULL, "name" varchar(255), "total_damage" integer, "player" boolean, "total_healing" integer, "created_at" datetime NOT NULL, "updated_at" datetime NOT NULL, "combat_log_id" integer) 
  [1m[36m (2.0ms)[0m  [1mCREATE TABLE "schema_migrations" ("version" varchar(255) NOT NULL) [0m
  [1m[35m (0.0ms)[0m  PRAGMA index_list("schema_migrations")
  [1m[36m (1.7ms)[0m  [1mCREATE UNIQUE INDEX "unique_schema_migrations" ON "schema_migrations" ("version")[0m
  [1m[35m (0.0ms)[0m  SELECT version FROM "schema_migrations"
  [1m[36m (1.8ms)[0m  [1mINSERT INTO "schema_migrations" (version) VALUES ('20120326070606')[0m
  [1m[35m (1.8ms)[0m  INSERT INTO "schema_migrations" (version) VALUES ('20120325220927')
  [1m[36m (2.2ms)[0m  [1mINSERT INTO "schema_migrations" (version) VALUES ('20120326023959')[0m
  [1m[35m (1.9ms)[0m  INSERT INTO "schema_migrations" (version) VALUES ('20120326025815')
  [1m[36m (2.0ms)[0m  [1mINSERT INTO "schema_migrations" (version) VALUES ('20120326063036')[0m
  [1m[36m (0.1ms)[0m  [1mSELECT "schema_migrations"."version" FROM "schema_migrations" [0m
  [1m[35m (0.1ms)[0m  select sqlite_version(*)
  [1m[36m (2.0ms)[0m  [1mCREATE TABLE "combat_logs" ("id" INTEGER PRIMARY KEY AUTOINCREMENT NOT NULL, "created_at" datetime NOT NULL, "updated_at" datetime NOT NULL, "file_file_name" varchar(255), "file_content_type" varchar(255), "file_file_size" integer, "file_updated_at" datetime) [0m
  [1m[35m (2.8ms)[0m  CREATE TABLE "entities" ("id" INTEGER PRIMARY KEY AUTOINCREMENT NOT NULL, "name" varchar(255), "total_damage" integer, "player" boolean, "total_healing" integer, "created_at" datetime NOT NULL, "updated_at" datetime NOT NULL, "combat_log_id" integer) 
  [1m[36m (2.0ms)[0m  [1mCREATE TABLE "schema_migrations" ("version" varchar(255) NOT NULL) [0m
  [1m[35m (0.0ms)[0m  PRAGMA index_list("schema_migrations")
  [1m[36m (1.9ms)[0m  [1mCREATE UNIQUE INDEX "unique_schema_migrations" ON "schema_migrations" ("version")[0m
  [1m[35m (0.0ms)[0m  SELECT version FROM "schema_migrations"
  [1m[36m (1.7ms)[0m  [1mINSERT INTO "schema_migrations" (version) VALUES ('20120326070606')[0m
  [1m[35m (1.8ms)[0m  INSERT INTO "schema_migrations" (version) VALUES ('20120325220927')
  [1m[36m (1.9ms)[0m  [1mINSERT INTO "schema_migrations" (version) VALUES ('20120326023959')[0m
  [1m[35m (1.8ms)[0m  INSERT INTO "schema_migrations" (version) VALUES ('20120326025815')
  [1m[36m (1.7ms)[0m  [1mINSERT INTO "schema_migrations" (version) VALUES ('20120326063036')[0m
  [1m[36m (0.1ms)[0m  [1mSELECT "schema_migrations"."version" FROM "schema_migrations" [0m
  [1m[35m (0.1ms)[0m  select sqlite_version(*)
  [1m[36m (2.0ms)[0m  [1mCREATE TABLE "combat_logs" ("id" INTEGER PRIMARY KEY AUTOINCREMENT NOT NULL, "created_at" datetime NOT NULL, "updated_at" datetime NOT NULL, "file_file_name" varchar(255), "file_content_type" varchar(255), "file_file_size" integer, "file_updated_at" datetime) [0m
  [1m[35m (1.7ms)[0m  CREATE TABLE "entities" ("id" INTEGER PRIMARY KEY AUTOINCREMENT NOT NULL, "name" varchar(255), "total_damage" integer, "player" boolean, "total_healing" integer, "created_at" datetime NOT NULL, "updated_at" datetime NOT NULL, "combat_log_id" integer) 
  [1m[36m (1.9ms)[0m  [1mCREATE TABLE "schema_migrations" ("version" varchar(255) NOT NULL) [0m
  [1m[35m (0.0ms)[0m  PRAGMA index_list("schema_migrations")
  [1m[36m (1.9ms)[0m  [1mCREATE UNIQUE INDEX "unique_schema_migrations" ON "schema_migrations" ("version")[0m
  [1m[35m (0.0ms)[0m  SELECT version FROM "schema_migrations"
  [1m[36m (1.6ms)[0m  [1mINSERT INTO "schema_migrations" (version) VALUES ('20120326070606')[0m
  [1m[35m (1.8ms)[0m  INSERT INTO "schema_migrations" (version) VALUES ('20120325220927')
  [1m[36m (1.7ms)[0m  [1mINSERT INTO "schema_migrations" (version) VALUES ('20120326023959')[0m
  [1m[35m (1.7ms)[0m  INSERT INTO "schema_migrations" (version) VALUES ('20120326025815')
  [1m[36m (2.2ms)[0m  [1mINSERT INTO "schema_migrations" (version) VALUES ('20120326063036')[0m
  [1m[36m (0.1ms)[0m  [1mSELECT "schema_migrations"."version" FROM "schema_migrations" [0m
  [1m[35m (0.1ms)[0m  select sqlite_version(*)
  [1m[36m (3.4ms)[0m  [1mCREATE TABLE "combat_logs" ("id" INTEGER PRIMARY KEY AUTOINCREMENT NOT NULL, "created_at" datetime NOT NULL, "updated_at" datetime NOT NULL, "file_file_name" varchar(255), "file_content_type" varchar(255), "file_file_size" integer, "file_updated_at" datetime) [0m
  [1m[35m (1.8ms)[0m  CREATE TABLE "entities" ("id" INTEGER PRIMARY KEY AUTOINCREMENT NOT NULL, "name" varchar(255), "total_damage" integer, "player" boolean, "total_healing" integer, "created_at" datetime NOT NULL, "updated_at" datetime NOT NULL, "combat_log_id" integer) 
  [1m[36m (1.9ms)[0m  [1mCREATE TABLE "schema_migrations" ("version" varchar(255) NOT NULL) [0m
  [1m[35m (0.0ms)[0m  PRAGMA index_list("schema_migrations")
  [1m[36m (1.7ms)[0m  [1mCREATE UNIQUE INDEX "unique_schema_migrations" ON "schema_migrations" ("version")[0m
  [1m[35m (0.0ms)[0m  SELECT version FROM "schema_migrations"
  [1m[36m (1.6ms)[0m  [1mINSERT INTO "schema_migrations" (version) VALUES ('20120326070606')[0m
  [1m[35m (1.7ms)[0m  INSERT INTO "schema_migrations" (version) VALUES ('20120325220927')
  [1m[36m (1.7ms)[0m  [1mINSERT INTO "schema_migrations" (version) VALUES ('20120326023959')[0m
  [1m[35m (1.8ms)[0m  INSERT INTO "schema_migrations" (version) VALUES ('20120326025815')
  [1m[36m (1.6ms)[0m  [1mINSERT INTO "schema_migrations" (version) VALUES ('20120326063036')[0m


Started GET "/" for 127.0.0.1 at 2012-03-26 22:45:48 -0700
Processing by CombatLogsController#new as HTML
  Rendered combat_logs/_form.html.haml (3.8ms)
  Rendered combat_logs/new.html.haml within layouts/application (13.5ms)
Compiled combat_logs.css  (50ms)  (pid 17071)
Compiled scaffolds.css  (10ms)  (pid 17071)
Compiled application.css  (124ms)  (pid 17071)
Compiled jquery.js  (1ms)  (pid 17071)
Compiled jquery_ujs.js  (0ms)  (pid 17071)
Compiled combat_logs.js  (97ms)  (pid 17071)
Compiled application.js  (173ms)  (pid 17071)
Completed 200 OK in 463ms (Views: 458.5ms | ActiveRecord: 0.0ms)


Started GET "/assets/application.css?body=1" for 127.0.0.1 at 2012-03-26 22:45:50 -0700
Served asset /application.css - 200 OK (30ms)


Started GET "/assets/combat_logs.css?body=1" for 127.0.0.1 at 2012-03-26 22:45:50 -0700
Served asset /combat_logs.css - 200 OK (1ms)


Started GET "/assets/scaffolds.css?body=1" for 127.0.0.1 at 2012-03-26 22:45:50 -0700
Served asset /scaffolds.css - 200 OK (1ms)


Started GET "/assets/jquery.js?body=1" for 127.0.0.1 at 2012-03-26 22:45:50 -0700
Served asset /jquery.js - 200 OK (2ms)


Started GET "/assets/jquery_ujs.js?body=1" for 127.0.0.1 at 2012-03-26 22:45:50 -0700
Served asset /jquery_ujs.js - 200 OK (2ms)


Started GET "/assets/combat_logs.js?body=1" for 127.0.0.1 at 2012-03-26 22:45:50 -0700
Served asset /combat_logs.js - 200 OK (2ms)


Started GET "/assets/application.js?body=1" for 127.0.0.1 at 2012-03-26 22:45:50 -0700
Served asset /application.js - 200 OK (7ms)


Started POST "/combat_logs" for 127.0.0.1 at 2012-03-26 22:46:30 -0700
Processing by CombatLogsController#create as HTML
  Parameters: {"utf8"=>"✓", "authenticity_token"=>"9VrMlk1dJC0bccUhaBF0dnq4TWXLOQvmv9aToejK9Do=", "combat_log"=>{"file"=>#<ActionDispatch::Http::UploadedFile:0x00000102472d38 @original_filename="Ahri-vs-ForgeGuardian.txt", @content_type="text/plain", @headers="Content-Disposition: form-data; name=\"combat_log[file]\"; filename=\"Ahri-vs-ForgeGuardian.txt\"\r\nContent-Type: text/plain\r\n", @tempfile=#<File:/var/folders/Z-/Z-uObbvZH3iiShMl6LC3FU+++TM/-Tmp-/RackMultipart20120326-17071-dizv4k>>}, "commit"=>"Upload"}
  [1m[36m (0.1ms)[0m  [1mbegin transaction[0m
Binary data inserted for `string` type on column `file_content_type`
  [1m[35mSQL (15.0ms)[0m  INSERT INTO "combat_logs" ("created_at", "file_content_type", "file_file_name", "file_file_size", "file_updated_at", "updated_at") VALUES (?, ?, ?, ?, ?, ?)  [["created_at", Tue, 27 Mar 2012 05:46:30 UTC +00:00], ["file_content_type", "text/plain"], ["file_file_name", "Ahri-vs-ForgeGuardian.txt"], ["file_file_size", 55294], ["file_updated_at", Tue, 27 Mar 2012 05:46:30 UTC +00:00], ["updated_at", Tue, 27 Mar 2012 05:46:30 UTC +00:00]]
  [1m[36m (1.9ms)[0m  [1mrollback transaction[0m
Completed 500 Internal Server Error in 5025ms

Errno::ENOENT (No such file or directory - /Users/jkiehl/Adventures/scrunch-web/public/system/files/2/original/Ahri-vs-ForgeGuardian.txt):
  app/models/combat_log.rb:50:in `initialize'
  app/models/combat_log.rb:50:in `open'
  app/models/combat_log.rb:50:in `crunch'
  app/models/combat_log.rb:40:in `crunch'
  app/controllers/combat_logs_controller.rb:46:in `block in create'
  app/controllers/combat_logs_controller.rb:45:in `create'


  Rendered /Users/jkiehl/.rbenv/versions/1.9.2-p290/lib/ruby/gems/1.9.1/gems/actionpack-3.2.2/lib/action_dispatch/middleware/templates/rescues/_trace.erb (2.9ms)
  Rendered /Users/jkiehl/.rbenv/versions/1.9.2-p290/lib/ruby/gems/1.9.1/gems/actionpack-3.2.2/lib/action_dispatch/middleware/templates/rescues/_request_and_response.erb (0.9ms)
  Rendered /Users/jkiehl/.rbenv/versions/1.9.2-p290/lib/ruby/gems/1.9.1/gems/actionpack-3.2.2/lib/action_dispatch/middleware/templates/rescues/diagnostics.erb within rescues/layout (16.4ms)


Started GET "/combat_logs/2" for 127.0.0.1 at 2012-03-26 22:46:48 -0700
Processing by CombatLogsController#show as HTML
  Parameters: {"id"=>"2"}
  [1m[35mCombatLog Load (0.2ms)[0m  SELECT "combat_logs".* FROM "combat_logs" WHERE "combat_logs"."id" = ? LIMIT 1  [["id", "2"]]
Completed 500 Internal Server Error in 2ms

ActiveRecord::RecordNotFound (Couldn't find CombatLog with id=2):
  app/controllers/combat_logs_controller.rb:16:in `show'


  Rendered /Users/jkiehl/.rbenv/versions/1.9.2-p290/lib/ruby/gems/1.9.1/gems/actionpack-3.2.2/lib/action_dispatch/middleware/templates/rescues/_trace.erb (2.0ms)
  Rendered /Users/jkiehl/.rbenv/versions/1.9.2-p290/lib/ruby/gems/1.9.1/gems/actionpack-3.2.2/lib/action_dispatch/middleware/templates/rescues/_request_and_response.erb (0.7ms)
  Rendered /Users/jkiehl/.rbenv/versions/1.9.2-p290/lib/ruby/gems/1.9.1/gems/actionpack-3.2.2/lib/action_dispatch/middleware/templates/rescues/diagnostics.erb within rescues/layout (8.9ms)


Started POST "/combat_logs" for 127.0.0.1 at 2012-03-26 22:46:57 -0700
Processing by CombatLogsController#create as HTML
  Parameters: {"utf8"=>"✓", "authenticity_token"=>"9VrMlk1dJC0bccUhaBF0dnq4TWXLOQvmv9aToejK9Do=", "combat_log"=>{"file"=>#<ActionDispatch::Http::UploadedFile:0x000001038a1188 @original_filename="Ahri-vs-ForgeGuardian.txt", @content_type="text/plain", @headers="Content-Disposition: form-data; name=\"combat_log[file]\"; filename=\"Ahri-vs-ForgeGuardian.txt\"\r\nContent-Type: text/plain\r\n", @tempfile=#<File:/var/folders/Z-/Z-uObbvZH3iiShMl6LC3FU+++TM/-Tmp-/RackMultipart20120326-17071-a0u5f3>>}, "commit"=>"Upload"}
  [1m[36m (0.1ms)[0m  [1mbegin transaction[0m
Binary data inserted for `string` type on column `file_content_type`
  [1m[35mSQL (0.4ms)[0m  INSERT INTO "combat_logs" ("created_at", "file_content_type", "file_file_name", "file_file_size", "file_updated_at", "updated_at") VALUES (?, ?, ?, ?, ?, ?)  [["created_at", Tue, 27 Mar 2012 05:46:57 UTC +00:00], ["file_content_type", "text/plain"], ["file_file_name", "Ahri-vs-ForgeGuardian.txt"], ["file_file_size", 55294], ["file_updated_at", Tue, 27 Mar 2012 05:46:57 UTC +00:00], ["updated_at", Tue, 27 Mar 2012 05:46:57 UTC +00:00]]
  [1m[36m (2.3ms)[0m  [1mrollback transaction[0m
Completed 500 Internal Server Error in 5010ms

Errno::ENOENT (No such file or directory - /Users/jkiehl/Adventures/scrunch-web/public/system/files/2/original/Ahri-vs-ForgeGuardian.txt):
  app/models/combat_log.rb:50:in `initialize'
  app/models/combat_log.rb:50:in `open'
  app/models/combat_log.rb:50:in `crunch'
  app/models/combat_log.rb:40:in `crunch'
  app/controllers/combat_logs_controller.rb:46:in `block in create'
  app/controllers/combat_logs_controller.rb:45:in `create'


  Rendered /Users/jkiehl/.rbenv/versions/1.9.2-p290/lib/ruby/gems/1.9.1/gems/actionpack-3.2.2/lib/action_dispatch/middleware/templates/rescues/_trace.erb (2.4ms)
  Rendered /Users/jkiehl/.rbenv/versions/1.9.2-p290/lib/ruby/gems/1.9.1/gems/actionpack-3.2.2/lib/action_dispatch/middleware/templates/rescues/_request_and_response.erb (0.9ms)
  Rendered /Users/jkiehl/.rbenv/versions/1.9.2-p290/lib/ruby/gems/1.9.1/gems/actionpack-3.2.2/lib/action_dispatch/middleware/templates/rescues/diagnostics.erb within rescues/layout (9.5ms)


Started POST "/combat_logs" for 127.0.0.1 at 2012-03-26 22:48:29 -0700
Processing by CombatLogsController#create as HTML
  Parameters: {"utf8"=>"✓", "authenticity_token"=>"9VrMlk1dJC0bccUhaBF0dnq4TWXLOQvmv9aToejK9Do=", "combat_log"=>{"file"=>#<ActionDispatch::Http::UploadedFile:0x000001023ebc48 @original_filename="Ahri-vs-ForgeGuardian.txt", @content_type="text/plain", @headers="Content-Disposition: form-data; name=\"combat_log[file]\"; filename=\"Ahri-vs-ForgeGuardian.txt\"\r\nContent-Type: text/plain\r\n", @tempfile=#<File:/var/folders/Z-/Z-uObbvZH3iiShMl6LC3FU+++TM/-Tmp-/RackMultipart20120326-17071-1q2nwen>>}, "commit"=>"Upload"}
Completed 500 Internal Server Error in 7ms

NoMethodError (private method `crunch' called for #<CombatLog:0x000001023e8458>):
  app/controllers/combat_logs_controller.rb:44:in `create'


  Rendered /Users/jkiehl/.rbenv/versions/1.9.2-p290/lib/ruby/gems/1.9.1/gems/actionpack-3.2.2/lib/action_dispatch/middleware/templates/rescues/_trace.erb (2.0ms)
  Rendered /Users/jkiehl/.rbenv/versions/1.9.2-p290/lib/ruby/gems/1.9.1/gems/actionpack-3.2.2/lib/action_dispatch/middleware/templates/rescues/_request_and_response.erb (0.8ms)
  Rendered /Users/jkiehl/.rbenv/versions/1.9.2-p290/lib/ruby/gems/1.9.1/gems/actionpack-3.2.2/lib/action_dispatch/middleware/templates/rescues/diagnostics.erb within rescues/layout (8.9ms)


Started POST "/combat_logs" for 127.0.0.1 at 2012-03-26 22:48:46 -0700
Processing by CombatLogsController#create as HTML
  Parameters: {"utf8"=>"✓", "authenticity_token"=>"9VrMlk1dJC0bccUhaBF0dnq4TWXLOQvmv9aToejK9Do=", "combat_log"=>{"file"=>#<ActionDispatch::Http::UploadedFile:0x0000012a3139b0 @original_filename="Ahri-vs-ForgeGuardian.txt", @content_type="text/plain", @headers="Content-Disposition: form-data; name=\"combat_log[file]\"; filename=\"Ahri-vs-ForgeGuardian.txt\"\r\nContent-Type: text/plain\r\n", @tempfile=#<File:/var/folders/Z-/Z-uObbvZH3iiShMl6LC3FU+++TM/-Tmp-/RackMultipart20120326-17071-1kwpzgf>>}, "commit"=>"Upload"}
Completed 500 Internal Server Error in 8ms

Errno::ENOENT (No such file or directory - /Users/jkiehl/Adventures/scrunch-web/public/system/files//original/Ahri-vs-ForgeGuardian.txt):
  app/models/combat_log.rb:48:in `initialize'
  app/models/combat_log.rb:48:in `open'
  app/models/combat_log.rb:48:in `crunch'
  app/models/combat_log.rb:38:in `crunch'
  app/controllers/combat_logs_controller.rb:44:in `create'


  Rendered /Users/jkiehl/.rbenv/versions/1.9.2-p290/lib/ruby/gems/1.9.1/gems/actionpack-3.2.2/lib/action_dispatch/middleware/templates/rescues/_trace.erb (2.1ms)
  Rendered /Users/jkiehl/.rbenv/versions/1.9.2-p290/lib/ruby/gems/1.9.1/gems/actionpack-3.2.2/lib/action_dispatch/middleware/templates/rescues/_request_and_response.erb (1.0ms)
  Rendered /Users/jkiehl/.rbenv/versions/1.9.2-p290/lib/ruby/gems/1.9.1/gems/actionpack-3.2.2/lib/action_dispatch/middleware/templates/rescues/diagnostics.erb within rescues/layout (9.9ms)


Started POST "/combat_logs" for 127.0.0.1 at 2012-03-26 22:49:06 -0700
Processing by CombatLogsController#create as HTML
  Parameters: {"utf8"=>"✓", "authenticity_token"=>"9VrMlk1dJC0bccUhaBF0dnq4TWXLOQvmv9aToejK9Do=", "combat_log"=>{"file"=>#<ActionDispatch::Http::UploadedFile:0x00000102737938 @original_filename="Ahri-vs-ForgeGuardian.txt", @content_type="text/plain", @headers="Content-Disposition: form-data; name=\"combat_log[file]\"; filename=\"Ahri-vs-ForgeGuardian.txt\"\r\nContent-Type: text/plain\r\n", @tempfile=#<File:/var/folders/Z-/Z-uObbvZH3iiShMl6LC3FU+++TM/-Tmp-/RackMultipart20120326-17071-14tbi57>>}, "commit"=>"Upload"}
Completed 500 Internal Server Error in 37ms

Errno::ENOENT (No such file or directory - /Users/jkiehl/Adventures/scrunch-web/public/system/files//original/Ahri-vs-ForgeGuardian.txt):
  app/models/combat_log.rb:48:in `initialize'
  app/models/combat_log.rb:48:in `open'
  app/models/combat_log.rb:48:in `crunch'
  app/models/combat_log.rb:38:in `crunch'
  app/controllers/combat_logs_controller.rb:45:in `create'


  Rendered /Users/jkiehl/.rbenv/versions/1.9.2-p290/lib/ruby/gems/1.9.1/gems/actionpack-3.2.2/lib/action_dispatch/middleware/templates/rescues/_trace.erb (2.0ms)
  Rendered /Users/jkiehl/.rbenv/versions/1.9.2-p290/lib/ruby/gems/1.9.1/gems/actionpack-3.2.2/lib/action_dispatch/middleware/templates/rescues/_request_and_response.erb (0.8ms)
  Rendered /Users/jkiehl/.rbenv/versions/1.9.2-p290/lib/ruby/gems/1.9.1/gems/actionpack-3.2.2/lib/action_dispatch/middleware/templates/rescues/diagnostics.erb within rescues/layout (8.9ms)


Started POST "/combat_logs" for 127.0.0.1 at 2012-03-26 22:49:13 -0700
Processing by CombatLogsController#create as HTML
  Parameters: {"utf8"=>"✓", "authenticity_token"=>"9VrMlk1dJC0bccUhaBF0dnq4TWXLOQvmv9aToejK9Do=", "combat_log"=>{"file"=>#<ActionDispatch::Http::UploadedFile:0x0000012a49d5d8 @original_filename="Ahri-vs-ForgeGuardian.txt", @content_type="text/plain", @headers="Content-Disposition: form-data; name=\"combat_log[file]\"; filename=\"Ahri-vs-ForgeGuardian.txt\"\r\nContent-Type: text/plain\r\n", @tempfile=#<File:/var/folders/Z-/Z-uObbvZH3iiShMl6LC3FU+++TM/-Tmp-/RackMultipart20120326-17071-66uj96>>}, "commit"=>"Upload"}
Completed 500 Internal Server Error in 3ms

Errno::ENOENT (No such file or directory - /Users/jkiehl/Adventures/scrunch-web/public/system/files//original/Ahri-vs-ForgeGuardian.txt):
  app/models/combat_log.rb:48:in `initialize'
  app/models/combat_log.rb:48:in `open'
  app/models/combat_log.rb:48:in `crunch'
  app/models/combat_log.rb:38:in `crunch'
  app/controllers/combat_logs_controller.rb:45:in `create'


  Rendered /Users/jkiehl/.rbenv/versions/1.9.2-p290/lib/ruby/gems/1.9.1/gems/actionpack-3.2.2/lib/action_dispatch/middleware/templates/rescues/_trace.erb (2.1ms)
  Rendered /Users/jkiehl/.rbenv/versions/1.9.2-p290/lib/ruby/gems/1.9.1/gems/actionpack-3.2.2/lib/action_dispatch/middleware/templates/rescues/_request_and_response.erb (0.8ms)
  Rendered /Users/jkiehl/.rbenv/versions/1.9.2-p290/lib/ruby/gems/1.9.1/gems/actionpack-3.2.2/lib/action_dispatch/middleware/templates/rescues/diagnostics.erb within rescues/layout (9.0ms)


Started POST "/combat_logs" for 127.0.0.1 at 2012-03-26 22:49:30 -0700
Processing by CombatLogsController#create as HTML
  Parameters: {"utf8"=>"✓", "authenticity_token"=>"9VrMlk1dJC0bccUhaBF0dnq4TWXLOQvmv9aToejK9Do=", "combat_log"=>{"file"=>#<ActionDispatch::Http::UploadedFile:0x00000102d57700 @original_filename="Ahri-vs-ForgeGuardian.txt", @content_type="text/plain", @headers="Content-Disposition: form-data; name=\"combat_log[file]\"; filename=\"Ahri-vs-ForgeGuardian.txt\"\r\nContent-Type: text/plain\r\n", @tempfile=#<File:/var/folders/Z-/Z-uObbvZH3iiShMl6LC3FU+++TM/-Tmp-/RackMultipart20120326-17071-1fx8oq1>>}, "commit"=>"Upload"}
Completed 500 Internal Server Error in 9ms

Errno::ENOENT (No such file or directory - /Users/jkiehl/Adventures/scrunch-web/public/system/files//original/Ahri-vs-ForgeGuardian.txt):
  app/models/combat_log.rb:48:in `initialize'
  app/models/combat_log.rb:48:in `open'
  app/models/combat_log.rb:48:in `crunch'
  app/models/combat_log.rb:38:in `crunch'
  app/controllers/combat_logs_controller.rb:45:in `create'


  Rendered /Users/jkiehl/.rbenv/versions/1.9.2-p290/lib/ruby/gems/1.9.1/gems/actionpack-3.2.2/lib/action_dispatch/middleware/templates/rescues/_trace.erb (2.0ms)
  Rendered /Users/jkiehl/.rbenv/versions/1.9.2-p290/lib/ruby/gems/1.9.1/gems/actionpack-3.2.2/lib/action_dispatch/middleware/templates/rescues/_request_and_response.erb (0.8ms)
  Rendered /Users/jkiehl/.rbenv/versions/1.9.2-p290/lib/ruby/gems/1.9.1/gems/actionpack-3.2.2/lib/action_dispatch/middleware/templates/rescues/diagnostics.erb within rescues/layout (9.0ms)


Started POST "/combat_logs" for 127.0.0.1 at 2012-03-26 22:49:54 -0700
Processing by CombatLogsController#create as HTML
  Parameters: {"utf8"=>"✓", "authenticity_token"=>"9VrMlk1dJC0bccUhaBF0dnq4TWXLOQvmv9aToejK9Do=", "combat_log"=>{"file"=>#<ActionDispatch::Http::UploadedFile:0x0000012a4a6598 @original_filename="Ahri-vs-ForgeGuardian.txt", @content_type="text/plain", @headers="Content-Disposition: form-data; name=\"combat_log[file]\"; filename=\"Ahri-vs-ForgeGuardian.txt\"\r\nContent-Type: text/plain\r\n", @tempfile=#<File:/var/folders/Z-/Z-uObbvZH3iiShMl6LC3FU+++TM/-Tmp-/RackMultipart20120326-17071-m0nuhj>>}, "commit"=>"Upload"}
  [1m[35m (0.1ms)[0m  begin transaction
Binary data inserted for `string` type on column `file_content_type`
  [1m[36mSQL (0.4ms)[0m  [1mINSERT INTO "combat_logs" ("created_at", "file_content_type", "file_file_name", "file_file_size", "file_updated_at", "updated_at") VALUES (?, ?, ?, ?, ?, ?)[0m  [["created_at", Tue, 27 Mar 2012 05:49:54 UTC +00:00], ["file_content_type", "text/plain"], ["file_file_name", "Ahri-vs-ForgeGuardian.txt"], ["file_file_size", 55294], ["file_updated_at", Tue, 27 Mar 2012 05:49:54 UTC +00:00], ["updated_at", Tue, 27 Mar 2012 05:49:54 UTC +00:00]]
[paperclip] Saving attachments.
[paperclip] saving /Users/jkiehl/Adventures/scrunch-web/public/system/files/2/original/Ahri-vs-ForgeGuardian.txt
  [1m[35m (1.9ms)[0m  commit transaction
  [1m[36mEntity Load (0.1ms)[0m  [1mSELECT "entities".* FROM "entities" WHERE "entities"."combat_log_id" = 2[0m
  [1m[35m (0.0ms)[0m  begin transaction
  [1m[36mSQL (0.3ms)[0m  [1mINSERT INTO "entities" ("combat_log_id", "created_at", "name", "player", "total_damage", "total_healing", "updated_at") VALUES (?, ?, ?, ?, ?, ?, ?)[0m  [["combat_log_id", 2], ["created_at", Tue, 27 Mar 2012 05:49:54 UTC +00:00], ["name", "Ahri"], ["player", true], ["total_damage", 2825], ["total_healing", 815], ["updated_at", Tue, 27 Mar 2012 05:49:54 UTC +00:00]]
  [1m[35mSQL (0.1ms)[0m  INSERT INTO "entities" ("combat_log_id", "created_at", "name", "player", "total_damage", "total_healing", "updated_at") VALUES (?, ?, ?, ?, ?, ?, ?)  [["combat_log_id", 2], ["created_at", Tue, 27 Mar 2012 05:49:54 UTC +00:00], ["name", "Ahri:T7-O1"], ["player", true], ["total_damage", 859], ["total_healing", 0], ["updated_at", Tue, 27 Mar 2012 05:49:54 UTC +00:00]]
  [1m[36mSQL (0.1ms)[0m  [1mINSERT INTO "entities" ("combat_log_id", "created_at", "name", "player", "total_damage", "total_healing", "updated_at") VALUES (?, ?, ?, ?, ?, ?, ?)[0m  [["combat_log_id", 2], ["created_at", Tue, 27 Mar 2012 05:49:54 UTC +00:00], ["name", "Forge Guardian"], ["player", false], ["total_damage", 3122], ["total_healing", 0], ["updated_at", Tue, 27 Mar 2012 05:49:54 UTC +00:00]]
  [1m[35m (2.1ms)[0m  commit transaction
Redirected to http://localhost:3000/combat_logs/2
Completed 302 Found in 128ms (ActiveRecord: 5.4ms)


Started GET "/combat_logs/2" for 127.0.0.1 at 2012-03-26 22:49:54 -0700
Processing by CombatLogsController#show as HTML
  Parameters: {"id"=>"2"}
  [1m[36mCombatLog Load (0.2ms)[0m  [1mSELECT "combat_logs".* FROM "combat_logs" WHERE "combat_logs"."id" = ? LIMIT 1[0m  [["id", "2"]]
  [1m[35mEntity Load (0.1ms)[0m  SELECT "entities".* FROM "entities" WHERE "entities"."combat_log_id" = 2
  Rendered combat_logs/show.html.haml within layouts/application (3.3ms)
Completed 200 OK in 10ms (Views: 8.3ms | ActiveRecord: 0.3ms)


Started GET "/assets/application.css?body=1" for 127.0.0.1 at 2012-03-26 22:49:54 -0700
Served asset /application.css - 304 Not Modified (0ms)


Started GET "/assets/combat_logs.css?body=1" for 127.0.0.1 at 2012-03-26 22:49:54 -0700
Served asset /combat_logs.css - 304 Not Modified (0ms)


Started GET "/assets/scaffolds.css?body=1" for 127.0.0.1 at 2012-03-26 22:49:54 -0700
Served asset /scaffolds.css - 304 Not Modified (0ms)


Started GET "/assets/jquery.js?body=1" for 127.0.0.1 at 2012-03-26 22:49:54 -0700
Served asset /jquery.js - 304 Not Modified (0ms)


Started GET "/assets/application.js?body=1" for 127.0.0.1 at 2012-03-26 22:49:54 -0700
Served asset /application.js - 304 Not Modified (0ms)


Started GET "/assets/jquery_ujs.js?body=1" for 127.0.0.1 at 2012-03-26 22:49:54 -0700
Served asset /jquery_ujs.js - 304 Not Modified (0ms)


Started GET "/assets/combat_logs.js?body=1" for 127.0.0.1 at 2012-03-26 22:49:54 -0700
Served asset /combat_logs.js - 304 Not Modified (0ms)
  [1m[36m (0.1ms)[0m  [1mSELECT "schema_migrations"."version" FROM "schema_migrations" [0m
  [1m[35m (0.1ms)[0m  select sqlite_version(*)
  [1m[36m (3.2ms)[0m  [1mCREATE TABLE "combat_logs" ("id" INTEGER PRIMARY KEY AUTOINCREMENT NOT NULL, "created_at" datetime NOT NULL, "updated_at" datetime NOT NULL, "file_file_name" varchar(255), "file_content_type" varchar(255), "file_file_size" integer, "file_updated_at" datetime) [0m
  [1m[35m (1.7ms)[0m  CREATE TABLE "entities" ("id" INTEGER PRIMARY KEY AUTOINCREMENT NOT NULL, "name" varchar(255), "total_damage" integer, "player" boolean, "total_healing" integer, "created_at" datetime NOT NULL, "updated_at" datetime NOT NULL, "combat_log_id" integer) 
  [1m[36m (1.8ms)[0m  [1mCREATE TABLE "schema_migrations" ("version" varchar(255) NOT NULL) [0m
  [1m[35m (0.0ms)[0m  PRAGMA index_list("schema_migrations")
  [1m[36m (1.8ms)[0m  [1mCREATE UNIQUE INDEX "unique_schema_migrations" ON "schema_migrations" ("version")[0m
  [1m[35m (0.0ms)[0m  SELECT version FROM "schema_migrations"
  [1m[36m (1.7ms)[0m  [1mINSERT INTO "schema_migrations" (version) VALUES ('20120326070606')[0m
  [1m[35m (1.8ms)[0m  INSERT INTO "schema_migrations" (version) VALUES ('20120325220927')
  [1m[36m (1.8ms)[0m  [1mINSERT INTO "schema_migrations" (version) VALUES ('20120326023959')[0m
  [1m[35m (1.7ms)[0m  INSERT INTO "schema_migrations" (version) VALUES ('20120326025815')
  [1m[36m (1.7ms)[0m  [1mINSERT INTO "schema_migrations" (version) VALUES ('20120326063036')[0m


Started GET "/combat_logs/2" for 127.0.0.1 at 2012-03-26 22:55:45 -0700
Processing by CombatLogsController#show as HTML
  Parameters: {"id"=>"2"}
  [1m[36mCombatLog Load (0.1ms)[0m  [1mSELECT "combat_logs".* FROM "combat_logs" WHERE "combat_logs"."id" = ? LIMIT 1[0m  [["id", "2"]]
  [1m[35mEntity Load (0.1ms)[0m  SELECT "entities".* FROM "entities" WHERE "entities"."combat_log_id" = 2
  Rendered combat_logs/_entity_row.html.haml (1.2ms)
  Rendered combat_logs/show.html.haml within layouts/application (13.4ms)
Completed 200 OK in 51ms (Views: 17.3ms | ActiveRecord: 0.4ms)


Started GET "/assets/application.css?body=1" for 127.0.0.1 at 2012-03-26 22:55:45 -0700
Served asset /application.css - 304 Not Modified (0ms)


Started GET "/assets/combat_logs.css?body=1" for 127.0.0.1 at 2012-03-26 22:55:45 -0700
Served asset /combat_logs.css - 304 Not Modified (0ms)


Started GET "/assets/scaffolds.css?body=1" for 127.0.0.1 at 2012-03-26 22:55:45 -0700
Served asset /scaffolds.css - 304 Not Modified (0ms)


Started GET "/assets/jquery.js?body=1" for 127.0.0.1 at 2012-03-26 22:55:45 -0700
Served asset /jquery.js - 304 Not Modified (0ms)


Started GET "/assets/application.js?body=1" for 127.0.0.1 at 2012-03-26 22:55:45 -0700
Served asset /application.js - 304 Not Modified (0ms)


Started GET "/assets/jquery_ujs.js?body=1" for 127.0.0.1 at 2012-03-26 22:55:45 -0700
Served asset /jquery_ujs.js - 304 Not Modified (0ms)


Started GET "/assets/combat_logs.js?body=1" for 127.0.0.1 at 2012-03-26 22:55:45 -0700
Served asset /combat_logs.js - 304 Not Modified (0ms)


Started GET "/combat_logs/2" for 127.0.0.1 at 2012-03-26 23:00:05 -0700
Processing by CombatLogsController#show as HTML
  Parameters: {"id"=>"2"}
  [1m[36mCombatLog Load (0.1ms)[0m  [1mSELECT "combat_logs".* FROM "combat_logs" WHERE "combat_logs"."id" = ? LIMIT 1[0m  [["id", "2"]]
  [1m[35mEntity Load (0.1ms)[0m  SELECT "entities".* FROM "entities" WHERE "entities"."combat_log_id" = 2
  Rendered combat_logs/_entity_row.html.haml (1.3ms)
  Rendered combat_logs/_entity_row.html.haml (0.1ms)
  Rendered combat_logs/show.html.haml within layouts/application (6.4ms)
Completed 200 OK in 11ms (Views: 10.2ms | ActiveRecord: 0.2ms)


Started GET "/assets/application.css?body=1" for 127.0.0.1 at 2012-03-26 23:00:06 -0700
Served asset /application.css - 304 Not Modified (0ms)


Started GET "/assets/combat_logs.css?body=1" for 127.0.0.1 at 2012-03-26 23:00:06 -0700
Served asset /combat_logs.css - 304 Not Modified (0ms)


Started GET "/assets/scaffolds.css?body=1" for 127.0.0.1 at 2012-03-26 23:00:06 -0700
Served asset /scaffolds.css - 304 Not Modified (0ms)


Started GET "/assets/application.js?body=1" for 127.0.0.1 at 2012-03-26 23:00:06 -0700
Served asset /application.js - 304 Not Modified (0ms)


Started GET "/assets/jquery.js?body=1" for 127.0.0.1 at 2012-03-26 23:00:06 -0700
Served asset /jquery.js - 304 Not Modified (0ms)


Started GET "/assets/jquery_ujs.js?body=1" for 127.0.0.1 at 2012-03-26 23:00:06 -0700
Served asset /jquery_ujs.js - 304 Not Modified (0ms)


Started GET "/assets/combat_logs.js?body=1" for 127.0.0.1 at 2012-03-26 23:00:06 -0700
Served asset /combat_logs.js - 304 Not Modified (0ms)


Started GET "/combat_logs/2" for 127.0.0.1 at 2012-03-26 23:00:17 -0700
Processing by CombatLogsController#show as HTML
  Parameters: {"id"=>"2"}
  [1m[36mCombatLog Load (0.1ms)[0m  [1mSELECT "combat_logs".* FROM "combat_logs" WHERE "combat_logs"."id" = ? LIMIT 1[0m  [["id", "2"]]
  [1m[35mEntity Load (0.1ms)[0m  SELECT "entities".* FROM "entities" WHERE "entities"."combat_log_id" = 2
  Rendered combat_logs/_entity_row.html.haml (0.1ms)
  Rendered combat_logs/_entity_row.html.haml (0.1ms)
  Rendered combat_logs/show.html.haml within layouts/application (5.0ms)
Completed 200 OK in 10ms (Views: 8.6ms | ActiveRecord: 0.2ms)


Started GET "/assets/application.css?body=1" for 127.0.0.1 at 2012-03-26 23:00:17 -0700
Served asset /application.css - 304 Not Modified (0ms)


Started GET "/assets/combat_logs.css?body=1" for 127.0.0.1 at 2012-03-26 23:00:17 -0700
Served asset /combat_logs.css - 304 Not Modified (0ms)


Started GET "/assets/scaffolds.css?body=1" for 127.0.0.1 at 2012-03-26 23:00:17 -0700
Served asset /scaffolds.css - 304 Not Modified (0ms)


Started GET "/assets/jquery.js?body=1" for 127.0.0.1 at 2012-03-26 23:00:17 -0700
Served asset /jquery.js - 304 Not Modified (0ms)


Started GET "/assets/jquery_ujs.js?body=1" for 127.0.0.1 at 2012-03-26 23:00:17 -0700
Served asset /jquery_ujs.js - 304 Not Modified (0ms)


Started GET "/assets/combat_logs.js?body=1" for 127.0.0.1 at 2012-03-26 23:00:17 -0700
Served asset /combat_logs.js - 304 Not Modified (0ms)


Started GET "/assets/application.js?body=1" for 127.0.0.1 at 2012-03-26 23:00:17 -0700
Served asset /application.js - 304 Not Modified (0ms)


Started GET "/combat_logs/2" for 127.0.0.1 at 2012-03-26 23:00:55 -0700
Processing by CombatLogsController#show as HTML
  Parameters: {"id"=>"2"}
  [1m[36mCombatLog Load (0.1ms)[0m  [1mSELECT "combat_logs".* FROM "combat_logs" WHERE "combat_logs"."id" = ? LIMIT 1[0m  [["id", "2"]]
  [1m[35mEntity Load (0.1ms)[0m  SELECT "entities".* FROM "entities" WHERE "entities"."combat_log_id" = 2
  Rendered combat_logs/_entity_row.html.haml (0.2ms)
  Rendered combat_logs/_entity_row.html.haml (0.1ms)
  Rendered combat_logs/show.html.haml within layouts/application (5.4ms)
Completed 200 OK in 10ms (Views: 9.0ms | ActiveRecord: 0.2ms)


Started GET "/assets/application.css?body=1" for 127.0.0.1 at 2012-03-26 23:00:55 -0700
Served asset /application.css - 304 Not Modified (0ms)


Started GET "/assets/combat_logs.css?body=1" for 127.0.0.1 at 2012-03-26 23:00:55 -0700
Served asset /combat_logs.css - 304 Not Modified (0ms)


Started GET "/assets/scaffolds.css?body=1" for 127.0.0.1 at 2012-03-26 23:00:55 -0700
Served asset /scaffolds.css - 304 Not Modified (0ms)


Started GET "/assets/application.js?body=1" for 127.0.0.1 at 2012-03-26 23:00:55 -0700
Served asset /application.js - 304 Not Modified (0ms)


Started GET "/assets/jquery.js?body=1" for 127.0.0.1 at 2012-03-26 23:00:55 -0700
Served asset /jquery.js - 304 Not Modified (0ms)


Started GET "/assets/jquery_ujs.js?body=1" for 127.0.0.1 at 2012-03-26 23:00:55 -0700
Served asset /jquery_ujs.js - 304 Not Modified (0ms)


Started GET "/assets/combat_logs.js?body=1" for 127.0.0.1 at 2012-03-26 23:00:55 -0700
Served asset /combat_logs.js - 304 Not Modified (0ms)


Started GET "/combat_logs/2" for 127.0.0.1 at 2012-03-26 23:01:11 -0700
Processing by CombatLogsController#show as HTML
  Parameters: {"id"=>"2"}
  [1m[36mCombatLog Load (0.1ms)[0m  [1mSELECT "combat_logs".* FROM "combat_logs" WHERE "combat_logs"."id" = ? LIMIT 1[0m  [["id", "2"]]
  [1m[35mEntity Load (0.1ms)[0m  SELECT "entities".* FROM "entities" WHERE "entities"."combat_log_id" = 2
  Rendered combat_logs/_entity_row.html.haml (0.2ms)
  Rendered combat_logs/_entity_row.html.haml (0.1ms)
  Rendered combat_logs/show.html.haml within layouts/application (5.2ms)
Completed 200 OK in 42ms (Views: 40.8ms | ActiveRecord: 0.2ms)


Started GET "/assets/application.css?body=1" for 127.0.0.1 at 2012-03-26 23:01:11 -0700
Served asset /application.css - 304 Not Modified (0ms)


Started GET "/assets/combat_logs.css?body=1" for 127.0.0.1 at 2012-03-26 23:01:11 -0700
Served asset /combat_logs.css - 304 Not Modified (0ms)


Started GET "/assets/scaffolds.css?body=1" for 127.0.0.1 at 2012-03-26 23:01:11 -0700
Served asset /scaffolds.css - 304 Not Modified (0ms)


Started GET "/assets/jquery.js?body=1" for 127.0.0.1 at 2012-03-26 23:01:11 -0700
Served asset /jquery.js - 304 Not Modified (0ms)


Started GET "/assets/jquery_ujs.js?body=1" for 127.0.0.1 at 2012-03-26 23:01:11 -0700
Served asset /jquery_ujs.js - 304 Not Modified (0ms)


Started GET "/assets/combat_logs.js?body=1" for 127.0.0.1 at 2012-03-26 23:01:11 -0700
Served asset /combat_logs.js - 304 Not Modified (0ms)


Started GET "/assets/application.js?body=1" for 127.0.0.1 at 2012-03-26 23:01:11 -0700
Served asset /application.js - 304 Not Modified (0ms)


Started GET "/combat_logs" for 127.0.0.1 at 2012-03-26 23:02:50 -0700
Processing by CombatLogsController#index as HTML
  [1m[36mCombatLog Load (0.1ms)[0m  [1mSELECT "combat_logs".* FROM "combat_logs" [0m
  Rendered combat_logs/index.html.haml within layouts/application (2.9ms)
Completed 500 Internal Server Error in 6ms

ActionView::Template::Error (undefined method `filename' for #<CombatLog:0x0000012b2a5ce8>):
    9: 
    10:   - @combat_logs.each do |combat_log|
    11:     %tr
    12:       %td= combat_log.filename
    13:       %td= link_to 'Show', combat_log
    14:       %td= link_to 'Edit', edit_combat_log_path(combat_log)
    15:       %td= link_to 'Destroy', combat_log, :confirm => 'Are you sure?', :method => :delete
  app/views/combat_logs/index.html.haml:12:in `block in _app_views_combat_logs_index_html_haml___1805407976663586945_2509575600'
  app/views/combat_logs/index.html.haml:10:in `each'
  app/views/combat_logs/index.html.haml:10:in `_app_views_combat_logs_index_html_haml___1805407976663586945_2509575600'
  app/controllers/combat_logs_controller.rb:7:in `index'


  Rendered /Users/jkiehl/.rbenv/versions/1.9.2-p290/lib/ruby/gems/1.9.1/gems/actionpack-3.2.2/lib/action_dispatch/middleware/templates/rescues/_trace.erb (4.1ms)
  Rendered /Users/jkiehl/.rbenv/versions/1.9.2-p290/lib/ruby/gems/1.9.1/gems/actionpack-3.2.2/lib/action_dispatch/middleware/templates/rescues/_request_and_response.erb (0.8ms)
  Rendered /Users/jkiehl/.rbenv/versions/1.9.2-p290/lib/ruby/gems/1.9.1/gems/actionpack-3.2.2/lib/action_dispatch/middleware/templates/rescues/template_error.erb within rescues/layout (14.5ms)


Started GET "/combat_logs" for 127.0.0.1 at 2012-03-26 23:03:22 -0700
Processing by CombatLogsController#index as HTML
  [1m[35mCombatLog Load (0.1ms)[0m  SELECT "combat_logs".* FROM "combat_logs" 
  Rendered combat_logs/index.html.haml within layouts/application (6.1ms)
Completed 200 OK in 13ms (Views: 12.0ms | ActiveRecord: 0.1ms)


Started GET "/assets/application.css?body=1" for 127.0.0.1 at 2012-03-26 23:03:22 -0700
Served asset /application.css - 304 Not Modified (0ms)


Started GET "/assets/combat_logs.css?body=1" for 127.0.0.1 at 2012-03-26 23:03:22 -0700
Served asset /combat_logs.css - 304 Not Modified (0ms)


Started GET "/assets/scaffolds.css?body=1" for 127.0.0.1 at 2012-03-26 23:03:22 -0700
Served asset /scaffolds.css - 304 Not Modified (0ms)


Started GET "/assets/application.js?body=1" for 127.0.0.1 at 2012-03-26 23:03:22 -0700
Served asset /application.js - 304 Not Modified (0ms)


Started GET "/assets/jquery.js?body=1" for 127.0.0.1 at 2012-03-26 23:03:22 -0700
Served asset /jquery.js - 304 Not Modified (0ms)


Started GET "/assets/jquery_ujs.js?body=1" for 127.0.0.1 at 2012-03-26 23:03:22 -0700
Served asset /jquery_ujs.js - 304 Not Modified (0ms)


Started GET "/assets/combat_logs.js?body=1" for 127.0.0.1 at 2012-03-26 23:03:22 -0700
Served asset /combat_logs.js - 304 Not Modified (0ms)


Started GET "/combat_logs/1/edit" for 127.0.0.1 at 2012-03-26 23:03:28 -0700
Processing by CombatLogsController#edit as HTML
  Parameters: {"id"=>"1"}
  [1m[36mCombatLog Load (0.1ms)[0m  [1mSELECT "combat_logs".* FROM "combat_logs" WHERE "combat_logs"."id" = ? LIMIT 1[0m  [["id", "1"]]
  Rendered combat_logs/_form.html.haml (1.3ms)
  Rendered combat_logs/edit.html.haml within layouts/application (3.2ms)
Completed 200 OK in 8ms (Views: 7.1ms | ActiveRecord: 0.1ms)


Started GET "/assets/application.css?body=1" for 127.0.0.1 at 2012-03-26 23:03:28 -0700
Served asset /application.css - 304 Not Modified (0ms)


Started GET "/assets/combat_logs.css?body=1" for 127.0.0.1 at 2012-03-26 23:03:28 -0700
Served asset /combat_logs.css - 304 Not Modified (0ms)


Started GET "/assets/scaffolds.css?body=1" for 127.0.0.1 at 2012-03-26 23:03:28 -0700
Served asset /scaffolds.css - 304 Not Modified (0ms)


Started GET "/assets/jquery.js?body=1" for 127.0.0.1 at 2012-03-26 23:03:28 -0700
Served asset /jquery.js - 304 Not Modified (0ms)


Started GET "/assets/jquery_ujs.js?body=1" for 127.0.0.1 at 2012-03-26 23:03:28 -0700
Served asset /jquery_ujs.js - 304 Not Modified (0ms)


Started GET "/assets/combat_logs.js?body=1" for 127.0.0.1 at 2012-03-26 23:03:28 -0700
Served asset /combat_logs.js - 304 Not Modified (0ms)


Started GET "/assets/application.js?body=1" for 127.0.0.1 at 2012-03-26 23:03:28 -0700
Served asset /application.js - 304 Not Modified (0ms)


Started GET "/combat_logs" for 127.0.0.1 at 2012-03-26 23:09:51 -0700
Processing by CombatLogsController#index as HTML
  [1m[35mCombatLog Load (0.1ms)[0m  SELECT "combat_logs".* FROM "combat_logs" 
  Rendered combat_logs/index.html.haml within layouts/application (2.6ms)
Completed 200 OK in 41ms (Views: 6.8ms | ActiveRecord: 0.1ms)


Started GET "/assets/application.css?body=1" for 127.0.0.1 at 2012-03-26 23:09:51 -0700
Served asset /application.css - 304 Not Modified (0ms)


Started GET "/assets/combat_logs.css?body=1" for 127.0.0.1 at 2012-03-26 23:09:51 -0700
Served asset /combat_logs.css - 304 Not Modified (0ms)


Started GET "/assets/scaffolds.css?body=1" for 127.0.0.1 at 2012-03-26 23:09:51 -0700
Served asset /scaffolds.css - 304 Not Modified (0ms)


Started GET "/assets/application.js?body=1" for 127.0.0.1 at 2012-03-26 23:09:51 -0700
Served asset /application.js - 304 Not Modified (0ms)


Started GET "/assets/jquery.js?body=1" for 127.0.0.1 at 2012-03-26 23:09:51 -0700
Served asset /jquery.js - 304 Not Modified (0ms)


Started GET "/assets/jquery_ujs.js?body=1" for 127.0.0.1 at 2012-03-26 23:09:51 -0700
Served asset /jquery_ujs.js - 304 Not Modified (0ms)


Started GET "/assets/combat_logs.js?body=1" for 127.0.0.1 at 2012-03-26 23:09:51 -0700
Served asset /combat_logs.js - 304 Not Modified (0ms)


Started GET "/combat_logs/1" for 127.0.0.1 at 2012-03-26 23:09:54 -0700
Processing by CombatLogsController#show as HTML
  Parameters: {"id"=>"1"}
  [1m[36mCombatLog Load (0.2ms)[0m  [1mSELECT "combat_logs".* FROM "combat_logs" WHERE "combat_logs"."id" = ? LIMIT 1[0m  [["id", "1"]]
  [1m[35mEntity Load (0.1ms)[0m  SELECT "entities".* FROM "entities" WHERE "entities"."combat_log_id" = 1
  Rendered combat_logs/_entity_row.html.haml (0.0ms)
  Rendered combat_logs/_entity_row.html.haml (0.0ms)
  Rendered combat_logs/show.html.haml within layouts/application (5.9ms)
Completed 200 OK in 11ms (Views: 9.4ms | ActiveRecord: 0.4ms)


Started GET "/assets/application.css?body=1" for 127.0.0.1 at 2012-03-26 23:09:54 -0700
Served asset /application.css - 304 Not Modified (0ms)


Started GET "/assets/combat_logs.css?body=1" for 127.0.0.1 at 2012-03-26 23:09:54 -0700
Served asset /combat_logs.css - 304 Not Modified (0ms)


Started GET "/assets/scaffolds.css?body=1" for 127.0.0.1 at 2012-03-26 23:09:54 -0700
Served asset /scaffolds.css - 304 Not Modified (0ms)


Started GET "/assets/jquery.js?body=1" for 127.0.0.1 at 2012-03-26 23:09:54 -0700
Served asset /jquery.js - 304 Not Modified (0ms)


Started GET "/assets/jquery_ujs.js?body=1" for 127.0.0.1 at 2012-03-26 23:09:54 -0700
Served asset /jquery_ujs.js - 304 Not Modified (0ms)


Started GET "/assets/combat_logs.js?body=1" for 127.0.0.1 at 2012-03-26 23:09:54 -0700
Served asset /combat_logs.js - 304 Not Modified (0ms)


Started GET "/assets/application.js?body=1" for 127.0.0.1 at 2012-03-26 23:09:54 -0700
Served asset /application.js - 304 Not Modified (0ms)


Started GET "/combat_logs/2" for 127.0.0.1 at 2012-03-26 23:09:57 -0700
Processing by CombatLogsController#show as HTML
  Parameters: {"id"=>"2"}
  [1m[36mCombatLog Load (0.1ms)[0m  [1mSELECT "combat_logs".* FROM "combat_logs" WHERE "combat_logs"."id" = ? LIMIT 1[0m  [["id", "2"]]
  [1m[35mEntity Load (0.1ms)[0m  SELECT "entities".* FROM "entities" WHERE "entities"."combat_log_id" = 2
  Rendered combat_logs/_entity_row.html.haml (0.2ms)
  Rendered combat_logs/_entity_row.html.haml (0.1ms)
  Rendered combat_logs/show.html.haml within layouts/application (8.4ms)
Completed 200 OK in 13ms (Views: 12.1ms | ActiveRecord: 0.2ms)


Started GET "/assets/application.css?body=1" for 127.0.0.1 at 2012-03-26 23:09:57 -0700
Served asset /application.css - 304 Not Modified (0ms)


Started GET "/assets/combat_logs.css?body=1" for 127.0.0.1 at 2012-03-26 23:09:57 -0700
Served asset /combat_logs.css - 304 Not Modified (0ms)


Started GET "/assets/scaffolds.css?body=1" for 127.0.0.1 at 2012-03-26 23:09:57 -0700
Served asset /scaffolds.css - 304 Not Modified (0ms)


Started GET "/assets/jquery.js?body=1" for 127.0.0.1 at 2012-03-26 23:09:57 -0700
Served asset /jquery.js - 304 Not Modified (0ms)


Started GET "/assets/jquery_ujs.js?body=1" for 127.0.0.1 at 2012-03-26 23:09:57 -0700
Served asset /jquery_ujs.js - 304 Not Modified (0ms)


Started GET "/assets/combat_logs.js?body=1" for 127.0.0.1 at 2012-03-26 23:09:57 -0700
Served asset /combat_logs.js - 304 Not Modified (0ms)


Started GET "/assets/application.js?body=1" for 127.0.0.1 at 2012-03-26 23:09:57 -0700
Served asset /application.js - 304 Not Modified (0ms)


Started GET "/combat_logs/new" for 127.0.0.1 at 2012-03-26 23:10:23 -0700
Processing by CombatLogsController#new as HTML
  Rendered combat_logs/_form.html.haml (1.2ms)
  Rendered combat_logs/new.html.haml within layouts/application (2.2ms)
Completed 200 OK in 6ms (Views: 5.9ms | ActiveRecord: 0.0ms)


Started GET "/assets/application.css?body=1" for 127.0.0.1 at 2012-03-26 23:10:23 -0700
Served asset /application.css - 304 Not Modified (0ms)


Started GET "/assets/combat_logs.css?body=1" for 127.0.0.1 at 2012-03-26 23:10:23 -0700
Served asset /combat_logs.css - 304 Not Modified (0ms)


Started GET "/assets/scaffolds.css?body=1" for 127.0.0.1 at 2012-03-26 23:10:23 -0700
Served asset /scaffolds.css - 304 Not Modified (0ms)


Started GET "/assets/jquery.js?body=1" for 127.0.0.1 at 2012-03-26 23:10:23 -0700
Served asset /jquery.js - 304 Not Modified (0ms)


Started GET "/assets/jquery_ujs.js?body=1" for 127.0.0.1 at 2012-03-26 23:10:23 -0700
Served asset /jquery_ujs.js - 304 Not Modified (0ms)


Started GET "/assets/combat_logs.js?body=1" for 127.0.0.1 at 2012-03-26 23:10:23 -0700
Served asset /combat_logs.js - 304 Not Modified (0ms)


Started GET "/assets/application.js?body=1" for 127.0.0.1 at 2012-03-26 23:10:23 -0700
Served asset /application.js - 304 Not Modified (0ms)


Started GET "/combat_logs/2" for 127.0.0.1 at 2012-03-26 23:10:28 -0700
Processing by CombatLogsController#show as HTML
  Parameters: {"id"=>"2"}
  [1m[36mCombatLog Load (0.1ms)[0m  [1mSELECT "combat_logs".* FROM "combat_logs" WHERE "combat_logs"."id" = ? LIMIT 1[0m  [["id", "2"]]
  [1m[35mEntity Load (0.1ms)[0m  SELECT "entities".* FROM "entities" WHERE "entities"."combat_log_id" = 2
  Rendered combat_logs/_entity_row.html.haml (0.2ms)
  Rendered combat_logs/_entity_row.html.haml (0.1ms)
  Rendered combat_logs/show.html.haml within layouts/application (3.5ms)
Completed 200 OK in 8ms (Views: 7.4ms | ActiveRecord: 0.2ms)


Started GET "/assets/application.css?body=1" for 127.0.0.1 at 2012-03-26 23:10:28 -0700
Served asset /application.css - 304 Not Modified (0ms)


Started GET "/assets/combat_logs.css?body=1" for 127.0.0.1 at 2012-03-26 23:10:28 -0700
Served asset /combat_logs.css - 304 Not Modified (0ms)


Started GET "/assets/scaffolds.css?body=1" for 127.0.0.1 at 2012-03-26 23:10:28 -0700
Served asset /scaffolds.css - 304 Not Modified (0ms)


Started GET "/assets/jquery.js?body=1" for 127.0.0.1 at 2012-03-26 23:10:28 -0700
Served asset /jquery.js - 304 Not Modified (0ms)


Started GET "/assets/jquery_ujs.js?body=1" for 127.0.0.1 at 2012-03-26 23:10:28 -0700
Served asset /jquery_ujs.js - 304 Not Modified (0ms)


Started GET "/assets/combat_logs.js?body=1" for 127.0.0.1 at 2012-03-26 23:10:28 -0700
Served asset /combat_logs.js - 304 Not Modified (0ms)


Started GET "/assets/application.js?body=1" for 127.0.0.1 at 2012-03-26 23:10:28 -0700
Served asset /application.js - 304 Not Modified (0ms)


Started GET "/combat_logs" for 127.0.0.1 at 2012-03-26 23:10:30 -0700
Processing by CombatLogsController#index as HTML
  [1m[36mCombatLog Load (0.1ms)[0m  [1mSELECT "combat_logs".* FROM "combat_logs" [0m
  Rendered combat_logs/index.html.haml within layouts/application (0.9ms)
Completed 200 OK in 37ms (Views: 36.5ms | ActiveRecord: 0.1ms)


Started GET "/assets/application.css?body=1" for 127.0.0.1 at 2012-03-26 23:10:31 -0700
Served asset /application.css - 304 Not Modified (0ms)


Started GET "/assets/combat_logs.css?body=1" for 127.0.0.1 at 2012-03-26 23:10:31 -0700
Served asset /combat_logs.css - 304 Not Modified (0ms)


Started GET "/assets/scaffolds.css?body=1" for 127.0.0.1 at 2012-03-26 23:10:31 -0700
Served asset /scaffolds.css - 304 Not Modified (0ms)


Started GET "/assets/jquery.js?body=1" for 127.0.0.1 at 2012-03-26 23:10:31 -0700
Served asset /jquery.js - 304 Not Modified (0ms)


Started GET "/assets/jquery_ujs.js?body=1" for 127.0.0.1 at 2012-03-26 23:10:31 -0700
Served asset /jquery_ujs.js - 304 Not Modified (0ms)


Started GET "/assets/combat_logs.js?body=1" for 127.0.0.1 at 2012-03-26 23:10:31 -0700
Served asset /combat_logs.js - 304 Not Modified (0ms)


Started GET "/assets/application.js?body=1" for 127.0.0.1 at 2012-03-26 23:10:31 -0700
Served asset /application.js - 304 Not Modified (0ms)


Started GET "/combat_logs/1" for 127.0.0.1 at 2012-03-26 23:15:38 -0700
Processing by CombatLogsController#show as HTML
  Parameters: {"id"=>"1"}
  [1m[35mCombatLog Load (0.1ms)[0m  SELECT "combat_logs".* FROM "combat_logs" WHERE "combat_logs"."id" = ? LIMIT 1  [["id", "1"]]
  [1m[36mEntity Load (0.1ms)[0m  [1mSELECT "entities".* FROM "entities" WHERE "entities"."combat_log_id" = 1[0m
  Rendered combat_logs/_entity_row.html.haml (0.0ms)
  Rendered combat_logs/_entity_row.html.haml (0.0ms)
  Rendered combat_logs/show.html.haml within layouts/application (2.4ms)
Completed 200 OK in 7ms (Views: 6.1ms | ActiveRecord: 0.2ms)


Started GET "/assets/application.css?body=1" for 127.0.0.1 at 2012-03-26 23:15:38 -0700
Served asset /application.css - 304 Not Modified (0ms)


Started GET "/assets/combat_logs.css?body=1" for 127.0.0.1 at 2012-03-26 23:15:38 -0700
Served asset /combat_logs.css - 304 Not Modified (0ms)


Started GET "/assets/scaffolds.css?body=1" for 127.0.0.1 at 2012-03-26 23:15:38 -0700
Served asset /scaffolds.css - 304 Not Modified (0ms)


Started GET "/assets/application.js?body=1" for 127.0.0.1 at 2012-03-26 23:15:38 -0700
Served asset /application.js - 304 Not Modified (0ms)


Started GET "/assets/jquery.js?body=1" for 127.0.0.1 at 2012-03-26 23:15:38 -0700
Served asset /jquery.js - 304 Not Modified (0ms)


Started GET "/assets/jquery_ujs.js?body=1" for 127.0.0.1 at 2012-03-26 23:15:38 -0700
Served asset /jquery_ujs.js - 304 Not Modified (0ms)


Started GET "/assets/combat_logs.js?body=1" for 127.0.0.1 at 2012-03-26 23:15:38 -0700
Served asset /combat_logs.js - 304 Not Modified (0ms)


Started GET "/combat_logs" for 127.0.0.1 at 2012-03-26 23:15:40 -0700
Processing by CombatLogsController#index as HTML
  [1m[35mCombatLog Load (0.1ms)[0m  SELECT "combat_logs".* FROM "combat_logs" 
  Rendered combat_logs/index.html.haml within layouts/application (0.8ms)
Completed 200 OK in 5ms (Views: 4.5ms | ActiveRecord: 0.1ms)


Started GET "/assets/application.css?body=1" for 127.0.0.1 at 2012-03-26 23:15:40 -0700
Served asset /application.css - 304 Not Modified (0ms)


Started GET "/assets/combat_logs.css?body=1" for 127.0.0.1 at 2012-03-26 23:15:40 -0700
Served asset /combat_logs.css - 304 Not Modified (0ms)


Started GET "/assets/scaffolds.css?body=1" for 127.0.0.1 at 2012-03-26 23:15:40 -0700
Served asset /scaffolds.css - 304 Not Modified (0ms)


Started GET "/assets/jquery.js?body=1" for 127.0.0.1 at 2012-03-26 23:15:40 -0700
Served asset /jquery.js - 304 Not Modified (0ms)


Started GET "/assets/jquery_ujs.js?body=1" for 127.0.0.1 at 2012-03-26 23:15:40 -0700
Served asset /jquery_ujs.js - 304 Not Modified (0ms)


Started GET "/assets/combat_logs.js?body=1" for 127.0.0.1 at 2012-03-26 23:15:40 -0700
Served asset /combat_logs.js - 304 Not Modified (0ms)


Started GET "/assets/application.js?body=1" for 127.0.0.1 at 2012-03-26 23:15:40 -0700
Served asset /application.js - 304 Not Modified (0ms)


Started GET "/combat_logs/2" for 127.0.0.1 at 2012-03-26 23:15:41 -0700
Processing by CombatLogsController#show as HTML
  Parameters: {"id"=>"2"}
  [1m[36mCombatLog Load (0.1ms)[0m  [1mSELECT "combat_logs".* FROM "combat_logs" WHERE "combat_logs"."id" = ? LIMIT 1[0m  [["id", "2"]]
  [1m[35mEntity Load (0.1ms)[0m  SELECT "entities".* FROM "entities" WHERE "entities"."combat_log_id" = 2
  Rendered combat_logs/_entity_row.html.haml (0.1ms)
  Rendered combat_logs/_entity_row.html.haml (0.1ms)
  Rendered combat_logs/show.html.haml within layouts/application (2.7ms)
Completed 200 OK in 7ms (Views: 6.3ms | ActiveRecord: 0.2ms)


Started GET "/assets/application.css?body=1" for 127.0.0.1 at 2012-03-26 23:15:41 -0700
Served asset /application.css - 304 Not Modified (0ms)


Started GET "/assets/combat_logs.css?body=1" for 127.0.0.1 at 2012-03-26 23:15:41 -0700
Served asset /combat_logs.css - 304 Not Modified (0ms)


Started GET "/assets/scaffolds.css?body=1" for 127.0.0.1 at 2012-03-26 23:15:41 -0700
Served asset /scaffolds.css - 304 Not Modified (0ms)


Started GET "/assets/jquery.js?body=1" for 127.0.0.1 at 2012-03-26 23:15:41 -0700
Served asset /jquery.js - 304 Not Modified (0ms)


Started GET "/assets/jquery_ujs.js?body=1" for 127.0.0.1 at 2012-03-26 23:15:41 -0700
Served asset /jquery_ujs.js - 304 Not Modified (0ms)


Started GET "/assets/combat_logs.js?body=1" for 127.0.0.1 at 2012-03-26 23:15:41 -0700
Served asset /combat_logs.js - 304 Not Modified (0ms)


Started GET "/assets/application.js?body=1" for 127.0.0.1 at 2012-03-26 23:15:41 -0700
Served asset /application.js - 304 Not Modified (0ms)
  [1m[36m (0.1ms)[0m  [1mSELECT "schema_migrations"."version" FROM "schema_migrations" [0m
  [1m[35m (0.1ms)[0m  select sqlite_version(*)
  [1m[36m (3.4ms)[0m  [1mCREATE TABLE "combat_logs" ("id" INTEGER PRIMARY KEY AUTOINCREMENT NOT NULL, "created_at" datetime NOT NULL, "updated_at" datetime NOT NULL, "file_file_name" varchar(255), "file_content_type" varchar(255), "file_file_size" integer, "file_updated_at" datetime) [0m
  [1m[35m (1.6ms)[0m  CREATE TABLE "entities" ("id" INTEGER PRIMARY KEY AUTOINCREMENT NOT NULL, "name" varchar(255), "total_damage" integer, "player" boolean, "total_healing" integer, "created_at" datetime NOT NULL, "updated_at" datetime NOT NULL, "combat_log_id" integer) 
  [1m[36m (1.7ms)[0m  [1mCREATE TABLE "schema_migrations" ("version" varchar(255) NOT NULL) [0m
  [1m[35m (0.0ms)[0m  PRAGMA index_list("schema_migrations")
  [1m[36m (1.8ms)[0m  [1mCREATE UNIQUE INDEX "unique_schema_migrations" ON "schema_migrations" ("version")[0m
  [1m[35m (0.0ms)[0m  SELECT version FROM "schema_migrations"
  [1m[36m (1.7ms)[0m  [1mINSERT INTO "schema_migrations" (version) VALUES ('20120326070606')[0m
  [1m[35m (1.7ms)[0m  INSERT INTO "schema_migrations" (version) VALUES ('20120325220927')
  [1m[36m (1.6ms)[0m  [1mINSERT INTO "schema_migrations" (version) VALUES ('20120326023959')[0m
  [1m[35m (1.6ms)[0m  INSERT INTO "schema_migrations" (version) VALUES ('20120326025815')
  [1m[36m (1.6ms)[0m  [1mINSERT INTO "schema_migrations" (version) VALUES ('20120326063036')[0m
  [1m[36m (0.1ms)[0m  [1mSELECT "schema_migrations"."version" FROM "schema_migrations" [0m
  [1m[35m (0.1ms)[0m  select sqlite_version(*)
  [1m[36m (3.0ms)[0m  [1mCREATE TABLE "combat_logs" ("id" INTEGER PRIMARY KEY AUTOINCREMENT NOT NULL, "created_at" datetime NOT NULL, "updated_at" datetime NOT NULL, "file_file_name" varchar(255), "file_content_type" varchar(255), "file_file_size" integer, "file_updated_at" datetime) [0m
  [1m[35m (1.6ms)[0m  CREATE TABLE "entities" ("id" INTEGER PRIMARY KEY AUTOINCREMENT NOT NULL, "name" varchar(255), "total_damage" integer, "player" boolean, "total_healing" integer, "created_at" datetime NOT NULL, "updated_at" datetime NOT NULL, "combat_log_id" integer) 
  [1m[36m (1.6ms)[0m  [1mCREATE TABLE "schema_migrations" ("version" varchar(255) NOT NULL) [0m
  [1m[35m (0.0ms)[0m  PRAGMA index_list("schema_migrations")
  [1m[36m (1.7ms)[0m  [1mCREATE UNIQUE INDEX "unique_schema_migrations" ON "schema_migrations" ("version")[0m
  [1m[35m (0.1ms)[0m  SELECT version FROM "schema_migrations"
  [1m[36m (1.6ms)[0m  [1mINSERT INTO "schema_migrations" (version) VALUES ('20120326070606')[0m
  [1m[35m (1.6ms)[0m  INSERT INTO "schema_migrations" (version) VALUES ('20120325220927')
  [1m[36m (1.5ms)[0m  [1mINSERT INTO "schema_migrations" (version) VALUES ('20120326023959')[0m
  [1m[35m (1.7ms)[0m  INSERT INTO "schema_migrations" (version) VALUES ('20120326025815')
  [1m[36m (1.7ms)[0m  [1mINSERT INTO "schema_migrations" (version) VALUES ('20120326063036')[0m
  [1m[36m (0.1ms)[0m  [1mSELECT "schema_migrations"."version" FROM "schema_migrations" [0m
  [1m[35m (0.1ms)[0m  select sqlite_version(*)
  [1m[36m (2.8ms)[0m  [1mCREATE TABLE "combat_logs" ("id" INTEGER PRIMARY KEY AUTOINCREMENT NOT NULL, "created_at" datetime NOT NULL, "updated_at" datetime NOT NULL, "file_file_name" varchar(255), "file_content_type" varchar(255), "file_file_size" integer, "file_updated_at" datetime) [0m
  [1m[35m (2.0ms)[0m  CREATE TABLE "entities" ("id" INTEGER PRIMARY KEY AUTOINCREMENT NOT NULL, "name" varchar(255), "total_damage" integer, "player" boolean, "total_healing" integer, "created_at" datetime NOT NULL, "updated_at" datetime NOT NULL, "combat_log_id" integer) 
  [1m[36m (1.7ms)[0m  [1mCREATE TABLE "schema_migrations" ("version" varchar(255) NOT NULL) [0m
  [1m[35m (0.0ms)[0m  PRAGMA index_list("schema_migrations")
  [1m[36m (1.8ms)[0m  [1mCREATE UNIQUE INDEX "unique_schema_migrations" ON "schema_migrations" ("version")[0m
  [1m[35m (0.0ms)[0m  SELECT version FROM "schema_migrations"
  [1m[36m (1.6ms)[0m  [1mINSERT INTO "schema_migrations" (version) VALUES ('20120326070606')[0m
  [1m[35m (1.6ms)[0m  INSERT INTO "schema_migrations" (version) VALUES ('20120325220927')
  [1m[36m (1.7ms)[0m  [1mINSERT INTO "schema_migrations" (version) VALUES ('20120326023959')[0m
  [1m[35m (1.8ms)[0m  INSERT INTO "schema_migrations" (version) VALUES ('20120326025815')
  [1m[36m (1.7ms)[0m  [1mINSERT INTO "schema_migrations" (version) VALUES ('20120326063036')[0m
  [1m[36m (0.1ms)[0m  [1mSELECT "schema_migrations"."version" FROM "schema_migrations" [0m
  [1m[36m (0.1ms)[0m  [1mSELECT "schema_migrations"."version" FROM "schema_migrations" [0m
Migrating to CreateCombatLogs (20120325220927)
Migrating to AddAttachmentFileToCombatLog (20120326023959)
Migrating to RemoveFilenameFromCombatLogs (20120326025815)
Migrating to CreateEntities (20120326063036)
Migrating to AddCombatLogIdToEntities (20120326070606)
Migrating to AddMaxDamageToEntities (20120327063533)
  [1m[35m (0.0ms)[0m  select sqlite_version(*)
  [1m[36m (0.0ms)[0m  [1mbegin transaction[0m
  [1m[35m (0.3ms)[0m  ALTER TABLE "entities" ADD "max_damage" integer
  [1m[36m (0.1ms)[0m  [1mINSERT INTO "schema_migrations" ("version") VALUES ('20120327063533')[0m
  [1m[35m (1.6ms)[0m  commit transaction
  [1m[36m (0.2ms)[0m  [1mselect sqlite_version(*)[0m
  [1m[35m (0.1ms)[0m  SELECT "schema_migrations"."version" FROM "schema_migrations" 
  [1m[36m (0.0ms)[0m  [1mPRAGMA index_list("combat_logs")[0m
  [1m[35m (0.0ms)[0m  PRAGMA index_list("entities")
  [1m[36m (0.9ms)[0m  [1mSELECT version FROM schema_migrations ORDER BY version[0m
  [1m[36m (0.1ms)[0m  [1mSELECT "schema_migrations"."version" FROM "schema_migrations" [0m
Migrating to CreateCombatLogs (20120325220927)
Migrating to AddAttachmentFileToCombatLog (20120326023959)
Migrating to RemoveFilenameFromCombatLogs (20120326025815)
Migrating to CreateEntities (20120326063036)
Migrating to AddCombatLogIdToEntities (20120326070606)
Migrating to AddMaxDamageToEntities (20120327063533)
Migrating to AddMaxHealingToEntities (20120327064401)
  [1m[35m (0.0ms)[0m  select sqlite_version(*)
  [1m[36m (0.0ms)[0m  [1mbegin transaction[0m
  [1m[35m (0.3ms)[0m  ALTER TABLE "entities" ADD "max_healing" integer
  [1m[36m (0.1ms)[0m  [1mINSERT INTO "schema_migrations" ("version") VALUES ('20120327064401')[0m
  [1m[35m (1.6ms)[0m  commit transaction
  [1m[36m (0.2ms)[0m  [1mselect sqlite_version(*)[0m
  [1m[35m (0.1ms)[0m  SELECT "schema_migrations"."version" FROM "schema_migrations" 
  [1m[36m (0.0ms)[0m  [1mPRAGMA index_list("combat_logs")[0m
  [1m[35m (0.0ms)[0m  PRAGMA index_list("entities")
  [1m[36m (0.4ms)[0m  [1mSELECT version FROM schema_migrations ORDER BY version[0m
